<?xml version="1.0" encoding="UTF-8"?>
<robot generator="Robot 7.0 (Python 3.11.4 on win32)" generated="2024-04-03T21:40:14.836183" rpa="false" schemaversion="5">
<suite id="s1" name="Nejavu Test" source="C:\Users\Windows-10\Desktop\Automation\nejavu\automate\testcases\nejavu_test.robot">
<kw name="Open Browser" owner="SeleniumLibrary" type="SETUP">
<msg time="2024-04-03T21:40:15.000336" level="INFO">Opening browser 'chrome' to base url 'https://www.nejavu.com'.</msg>
<arg>${baseUrl}</arg>
<arg>chrome</arg>
<doc>Opens a new browser instance to the optional ``url``.</doc>
<status status="PASS" start="2024-04-03T21:40:15.000336" elapsed="11.707259"/>
</kw>
<test id="s1-t1" name="Open Nejavu Website for Automate Testing" line="21">
<kw name="Maximize Browser Window" owner="SeleniumLibrary">
<doc>Maximizes current browser window.</doc>
<status status="PASS" start="2024-04-03T21:40:26.708596" elapsed="0.108098"/>
</kw>
<kw name="Sleep" owner="BuiltIn">
<msg time="2024-04-03T21:40:29.818160" level="INFO">Slept 3 seconds.</msg>
<arg>${Wait Time}</arg>
<doc>Pauses the test executed for the given time.</doc>
<status status="PASS" start="2024-04-03T21:40:26.816694" elapsed="3.001466"/>
</kw>
<kw name="Close Modal If Exists" owner="CloseModal">
<kw name="Wait Until Element Is Visible" owner="SeleniumLibrary">
<arg>xpath://a[@class='close-modal']</arg>
<arg>5s</arg>
<doc>Waits until the element ``locator`` is visible.</doc>
<status status="PASS" start="2024-04-03T21:40:29.818160" elapsed="0.014009"/>
</kw>
<kw name="Click Element" owner="SeleniumLibrary">
<msg time="2024-04-03T21:40:29.832169" level="INFO">Clicking element 'xpath://a[@class='close-modal']'.</msg>
<arg>xpath://a[@class='close-modal']</arg>
<doc>Click the element identified by ``locator``.</doc>
<status status="PASS" start="2024-04-03T21:40:29.832169" elapsed="0.028025"/>
</kw>
<status status="PASS" start="2024-04-03T21:40:29.818160" elapsed="0.042034"/>
</kw>
<kw name="Sleep" owner="BuiltIn">
<msg time="2024-04-03T21:40:32.861934" level="INFO">Slept 3 seconds.</msg>
<arg>${Wait Time}</arg>
<doc>Pauses the test executed for the given time.</doc>
<status status="PASS" start="2024-04-03T21:40:29.861194" elapsed="3.000740"/>
</kw>
<kw name="Click Accept Cookie" owner="AcceptCookie">
<kw name="Wait Until Element Is Visible" owner="SeleniumLibrary">
<arg>xpath=//a[text()='ยอมรับ']</arg>
<arg>3s</arg>
<doc>Waits until the element ``locator`` is visible.</doc>
<status status="PASS" start="2024-04-03T21:40:32.861934" elapsed="0.018017"/>
</kw>
<kw name="Click Element" owner="SeleniumLibrary">
<msg time="2024-04-03T21:40:32.880951" level="INFO">Clicking element 'xpath=//a[text()='ยอมรับ']'.</msg>
<arg>xpath=//a[text()='ยอมรับ']</arg>
<doc>Click the element identified by ``locator``.</doc>
<status status="PASS" start="2024-04-03T21:40:32.879951" elapsed="0.032030"/>
</kw>
<status status="PASS" start="2024-04-03T21:40:32.861934" elapsed="0.050047"/>
</kw>
<kw name="Redirect to CartoonPage" owner="RedirectCartoonPage">
<kw name="Wait Until Page Contains Element" owner="SeleniumLibrary">
<arg>xpath=//div[@class='dn db-lg rel z-2']//li[3]//a[1]</arg>
<arg>5s</arg>
<doc>Waits until the element ``locator`` appears on the current page.</doc>
<status status="PASS" start="2024-04-03T21:40:32.912982" elapsed="0.008649"/>
</kw>
<kw name="Click Element" owner="SeleniumLibrary">
<msg time="2024-04-03T21:40:32.921631" level="INFO">Clicking element 'xpath=//div[@class='dn db-lg rel z-2']//li[3]//a[1]'.</msg>
<arg>xpath=//div[@class='dn db-lg rel z-2']//li[3]//a[1]</arg>
<doc>Click the element identified by ``locator``.</doc>
<status status="PASS" start="2024-04-03T21:40:32.921631" elapsed="5.377155"/>
</kw>
<status status="PASS" start="2024-04-03T21:40:32.912982" elapsed="5.386797"/>
</kw>
<kw name="Get Book Titles In First Row" owner="QueryBook">
<kw name="Get WebElements" owner="SeleniumLibrary">
<msg time="2024-04-03T21:40:38.309788" level="INFO">@{bookTitles} = [ &lt;selenium.webdriver.remote.webelement.WebElement (session="a3faec01818d72bb3106387d3197dac1", element="40E335972B86BC8EAC6CBBBDC471844E_element_288")&gt; | &lt;selenium.webdriver.remote.webelement.WebElem...</msg>
<var>@{bookTitles}</var>
<arg>xpath=//div[@class='space overflow-hide'][1]//h5[@class='detail-title']</arg>
<doc>Returns a list of WebElement objects matching the ``locator``.</doc>
<status status="PASS" start="2024-04-03T21:40:38.299779" elapsed="0.010009"/>
</kw>
<kw name="Set Variable" owner="BuiltIn">
<msg time="2024-04-03T21:40:38.309788" level="INFO">${maxLoop} = 5</msg>
<var>${maxLoop}</var>
<arg>${5}</arg>
<doc>Returns the given values which can then be assigned to a variables.</doc>
<status status="PASS" start="2024-04-03T21:40:38.309788" elapsed="0.000000"/>
</kw>
<for flavor="IN RANGE">
<iter>
<kw name="Set Variable" owner="BuiltIn">
<msg time="2024-04-03T21:40:38.310789" level="INFO">${book} = &lt;selenium.webdriver.remote.webelement.WebElement (session="a3faec01818d72bb3106387d3197dac1", element="40E335972B86BC8EAC6CBBBDC471844E_element_288")&gt;</msg>
<var>${book}</var>
<arg>${bookTitles}[${Index}]</arg>
<doc>Returns the given values which can then be assigned to a variables.</doc>
<status status="PASS" start="2024-04-03T21:40:38.310789" elapsed="0.000000"/>
</kw>
<kw name="Get Text" owner="SeleniumLibrary">
<msg time="2024-04-03T21:40:38.318797" level="INFO">${bookTitle} = มหาศึกคนชนคน เล่ม 3</msg>
<var>${bookTitle}</var>
<arg>${book}</arg>
<doc>Returns the text value of the element identified by ``locator``.</doc>
<status status="PASS" start="2024-04-03T21:40:38.310789" elapsed="0.008008"/>
</kw>
<kw name="Log" owner="BuiltIn">
<msg time="2024-04-03T21:40:38.318797" level="INFO">มหาศึกคนชนคน เล่ม 3</msg>
<arg>${bookTitle}</arg>
<doc>Logs the given message with the given level.</doc>
<status status="PASS" start="2024-04-03T21:40:38.318797" elapsed="0.000000"/>
</kw>
<kw name="Append To List" owner="Collections">
<arg>${globalBookTitles}</arg>
<arg>${bookTitle}</arg>
<doc>Adds ``values`` to the end of ``list``.</doc>
<status status="PASS" start="2024-04-03T21:40:38.318797" elapsed="0.000000"/>
</kw>
<var name="${index}">0</var>
<status status="PASS" start="2024-04-03T21:40:38.310789" elapsed="0.008008"/>
</iter>
<iter>
<kw name="Set Variable" owner="BuiltIn">
<msg time="2024-04-03T21:40:38.319798" level="INFO">${book} = &lt;selenium.webdriver.remote.webelement.WebElement (session="a3faec01818d72bb3106387d3197dac1", element="40E335972B86BC8EAC6CBBBDC471844E_element_289")&gt;</msg>
<var>${book}</var>
<arg>${bookTitles}[${Index}]</arg>
<doc>Returns the given values which can then be assigned to a variables.</doc>
<status status="PASS" start="2024-04-03T21:40:38.319798" elapsed="0.000000"/>
</kw>
<kw name="Get Text" owner="SeleniumLibrary">
<msg time="2024-04-03T21:40:38.323801" level="INFO">${bookTitle} = [จัดส่ง20มิ.ย..67](BOXSET) Boruto โบรุโตะ เล่ม 20</msg>
<var>${bookTitle}</var>
<arg>${book}</arg>
<doc>Returns the text value of the element identified by ``locator``.</doc>
<status status="PASS" start="2024-04-03T21:40:38.319798" elapsed="0.004003"/>
</kw>
<kw name="Log" owner="BuiltIn">
<msg time="2024-04-03T21:40:38.323801" level="INFO">[จัดส่ง20มิ.ย..67](BOXSET) Boruto โบรุโตะ เล่ม 20</msg>
<arg>${bookTitle}</arg>
<doc>Logs the given message with the given level.</doc>
<status status="PASS" start="2024-04-03T21:40:38.323801" elapsed="0.000000"/>
</kw>
<kw name="Append To List" owner="Collections">
<arg>${globalBookTitles}</arg>
<arg>${bookTitle}</arg>
<doc>Adds ``values`` to the end of ``list``.</doc>
<status status="PASS" start="2024-04-03T21:40:38.323801" elapsed="0.000000"/>
</kw>
<var name="${index}">1</var>
<status status="PASS" start="2024-04-03T21:40:38.319798" elapsed="0.004003"/>
</iter>
<iter>
<kw name="Set Variable" owner="BuiltIn">
<msg time="2024-04-03T21:40:38.324802" level="INFO">${book} = &lt;selenium.webdriver.remote.webelement.WebElement (session="a3faec01818d72bb3106387d3197dac1", element="40E335972B86BC8EAC6CBBBDC471844E_element_290")&gt;</msg>
<var>${book}</var>
<arg>${bookTitles}[${Index}]</arg>
<doc>Returns the given values which can then be assigned to a variables.</doc>
<status status="PASS" start="2024-04-03T21:40:38.324802" elapsed="0.000000"/>
</kw>
<kw name="Get Text" owner="SeleniumLibrary">
<msg time="2024-04-03T21:40:38.328805" level="INFO">${bookTitle} = [จัดส่ง18เม.ย.67](BOXSET No.2) NARUTO นินจาคาถา โอ้โฮเฮะ เล่ม 19 - 36</msg>
<var>${bookTitle}</var>
<arg>${book}</arg>
<doc>Returns the text value of the element identified by ``locator``.</doc>
<status status="PASS" start="2024-04-03T21:40:38.324802" elapsed="0.004003"/>
</kw>
<kw name="Log" owner="BuiltIn">
<msg time="2024-04-03T21:40:38.328805" level="INFO">[จัดส่ง18เม.ย.67](BOXSET No.2) NARUTO นินจาคาถา โอ้โฮเฮะ เล่ม 19 - 36</msg>
<arg>${bookTitle}</arg>
<doc>Logs the given message with the given level.</doc>
<status status="PASS" start="2024-04-03T21:40:38.328805" elapsed="0.000000"/>
</kw>
<kw name="Append To List" owner="Collections">
<arg>${globalBookTitles}</arg>
<arg>${bookTitle}</arg>
<doc>Adds ``values`` to the end of ``list``.</doc>
<status status="PASS" start="2024-04-03T21:40:38.328805" elapsed="0.000000"/>
</kw>
<var name="${index}">2</var>
<status status="PASS" start="2024-04-03T21:40:38.323801" elapsed="0.005004"/>
</iter>
<iter>
<kw name="Set Variable" owner="BuiltIn">
<msg time="2024-04-03T21:40:38.328805" level="INFO">${book} = &lt;selenium.webdriver.remote.webelement.WebElement (session="a3faec01818d72bb3106387d3197dac1", element="40E335972B86BC8EAC6CBBBDC471844E_element_291")&gt;</msg>
<var>${book}</var>
<arg>${bookTitles}[${Index}]</arg>
<doc>Returns the given values which can then be assigned to a variables.</doc>
<status status="PASS" start="2024-04-03T21:40:38.328805" elapsed="0.000000"/>
</kw>
<kw name="Get Text" owner="SeleniumLibrary">
<msg time="2024-04-03T21:40:38.332810" level="INFO">${bookTitle} = [จัดส่ง18เม.ย.67](BOXSET No.1) NARUTO นินจาคาถา โอ้โฮเฮะ เล่ม 1 - 18</msg>
<var>${bookTitle}</var>
<arg>${book}</arg>
<doc>Returns the text value of the element identified by ``locator``.</doc>
<status status="PASS" start="2024-04-03T21:40:38.328805" elapsed="0.004005"/>
</kw>
<kw name="Log" owner="BuiltIn">
<msg time="2024-04-03T21:40:38.332810" level="INFO">[จัดส่ง18เม.ย.67](BOXSET No.1) NARUTO นินจาคาถา โอ้โฮเฮะ เล่ม 1 - 18</msg>
<arg>${bookTitle}</arg>
<doc>Logs the given message with the given level.</doc>
<status status="PASS" start="2024-04-03T21:40:38.332810" elapsed="0.000000"/>
</kw>
<kw name="Append To List" owner="Collections">
<arg>${globalBookTitles}</arg>
<arg>${bookTitle}</arg>
<doc>Adds ``values`` to the end of ``list``.</doc>
<status status="PASS" start="2024-04-03T21:40:38.333810" elapsed="0.000000"/>
</kw>
<var name="${index}">3</var>
<status status="PASS" start="2024-04-03T21:40:38.328805" elapsed="0.005005"/>
</iter>
<iter>
<kw name="Set Variable" owner="BuiltIn">
<msg time="2024-04-03T21:40:38.333810" level="INFO">${book} = &lt;selenium.webdriver.remote.webelement.WebElement (session="a3faec01818d72bb3106387d3197dac1", element="40E335972B86BC8EAC6CBBBDC471844E_element_292")&gt;</msg>
<var>${book}</var>
<arg>${bookTitles}[${Index}]</arg>
<doc>Returns the given values which can then be assigned to a variables.</doc>
<status status="PASS" start="2024-04-03T21:40:38.333810" elapsed="0.000000"/>
</kw>
<kw name="Get Text" owner="SeleniumLibrary">
<msg time="2024-04-03T21:40:38.337814" level="INFO">${bookTitle} = คืนนี้พี่ขอดูด เล่ม 4 [Limited Edition]</msg>
<var>${bookTitle}</var>
<arg>${book}</arg>
<doc>Returns the text value of the element identified by ``locator``.</doc>
<status status="PASS" start="2024-04-03T21:40:38.333810" elapsed="0.004004"/>
</kw>
<kw name="Log" owner="BuiltIn">
<msg time="2024-04-03T21:40:38.337814" level="INFO">คืนนี้พี่ขอดูด เล่ม 4 [Limited Edition]</msg>
<arg>${bookTitle}</arg>
<doc>Logs the given message with the given level.</doc>
<status status="PASS" start="2024-04-03T21:40:38.337814" elapsed="0.000000"/>
</kw>
<kw name="Append To List" owner="Collections">
<arg>${globalBookTitles}</arg>
<arg>${bookTitle}</arg>
<doc>Adds ``values`` to the end of ``list``.</doc>
<status status="PASS" start="2024-04-03T21:40:38.337814" elapsed="0.000000"/>
</kw>
<var name="${index}">4</var>
<status status="PASS" start="2024-04-03T21:40:38.333810" elapsed="0.004004"/>
</iter>
<var>${index}</var>
<value>0</value>
<value>${maxLoop}</value>
<status status="PASS" start="2024-04-03T21:40:38.309788" elapsed="0.028026"/>
</for>
<kw name="Sort List" owner="Collections">
<arg>${globalBookTitles}</arg>
<doc>Sorts the given list in place.</doc>
<status status="PASS" start="2024-04-03T21:40:38.337814" elapsed="0.001000"/>
</kw>
<kw name="Log" owner="BuiltIn">
<msg time="2024-04-03T21:40:38.338814" level="INFO">['[จัดส่ง18เม.ย.67](BOXSET No.1) NARUTO นินจาคาถา โอ้โฮเฮะ เล่ม 1 - 18', '[จัดส่ง18เม.ย.67](BOXSET No.2) NARUTO นินจาคาถา โอ้โฮเฮะ เล่ม 19 - 36', '[จัดส่ง20มิ.ย..67](BOXSET) Boruto โบรุโตะ เล่ม 20', 'คืนนี้พี่ขอดูด เล่ม 4 [Limited Edition]', 'มหาศึกคนชนคน เล่ม 3']</msg>
<arg>${globalBookTitles}</arg>
<doc>Logs the given message with the given level.</doc>
<status status="PASS" start="2024-04-03T21:40:38.338814" elapsed="0.000000"/>
</kw>
<status status="PASS" start="2024-04-03T21:40:38.299779" elapsed="0.039035"/>
</kw>
<kw name="Add Book of First Row To Cart" owner="AddToCart">
<kw name="Wait Until Page Contains Element" owner="SeleniumLibrary">
<arg>xpath=//form[@name='QuickCartRequestForm']</arg>
<arg>5s</arg>
<doc>Waits until the element ``locator`` appears on the current page.</doc>
<status status="PASS" start="2024-04-03T21:40:38.338814" elapsed="0.007007"/>
</kw>
<kw name="Get WebElements" owner="SeleniumLibrary">
<msg time="2024-04-03T21:40:38.350826" level="INFO">@{forms} = [ &lt;selenium.webdriver.remote.webelement.WebElement (session="a3faec01818d72bb3106387d3197dac1", element="40E335972B86BC8EAC6CBBBDC471844E_element_313")&gt; | &lt;selenium.webdriver.remote.webelement.WebElem...</msg>
<var>@{forms}</var>
<arg>xpath=//form[@name='QuickCartRequestForm']</arg>
<doc>Returns a list of WebElement objects matching the ``locator``.</doc>
<status status="PASS" start="2024-04-03T21:40:38.345821" elapsed="0.005005"/>
</kw>
<kw name="Set Variable" owner="BuiltIn">
<msg time="2024-04-03T21:40:38.350826" level="INFO">${maxClicks} = 5</msg>
<var>${maxClicks}</var>
<arg>5</arg>
<doc>Returns the given values which can then be assigned to a variables.</doc>
<status status="PASS" start="2024-04-03T21:40:38.350826" elapsed="0.000000"/>
</kw>
<for flavor="IN RANGE">
<iter>
<kw name="Click Element" owner="SeleniumLibrary">
<msg time="2024-04-03T21:40:38.351826" level="INFO">Clicking element '&lt;selenium.webdriver.remote.webelement.WebElement (session="a3faec01818d72bb3106387d3197dac1", element="40E335972B86BC8EAC6CBBBDC471844E_element_313")&gt;'.</msg>
<arg>${forms}[${index}]</arg>
<doc>Click the element identified by ``locator``.</doc>
<status status="PASS" start="2024-04-03T21:40:38.350826" elapsed="0.046041"/>
</kw>
<kw name="Sleep" owner="BuiltIn">
<msg time="2024-04-03T21:40:40.397810" level="INFO">Slept 2 seconds.</msg>
<arg>2s</arg>
<doc>Pauses the test executed for the given time.</doc>
<status status="PASS" start="2024-04-03T21:40:38.396867" elapsed="2.000943"/>
</kw>
<var name="${index}">0</var>
<status status="PASS" start="2024-04-03T21:40:38.350826" elapsed="2.046984"/>
</iter>
<iter>
<kw name="Click Element" owner="SeleniumLibrary">
<msg time="2024-04-03T21:40:40.397810" level="INFO">Clicking element '&lt;selenium.webdriver.remote.webelement.WebElement (session="a3faec01818d72bb3106387d3197dac1", element="40E335972B86BC8EAC6CBBBDC471844E_element_314")&gt;'.</msg>
<arg>${forms}[${index}]</arg>
<doc>Click the element identified by ``locator``.</doc>
<status status="PASS" start="2024-04-03T21:40:40.397810" elapsed="0.029027"/>
</kw>
<kw name="Sleep" owner="BuiltIn">
<msg time="2024-04-03T21:40:42.427430" level="INFO">Slept 2 seconds.</msg>
<arg>2s</arg>
<doc>Pauses the test executed for the given time.</doc>
<status status="PASS" start="2024-04-03T21:40:40.426837" elapsed="2.000593"/>
</kw>
<var name="${index}">1</var>
<status status="PASS" start="2024-04-03T21:40:40.397810" elapsed="2.029620"/>
</iter>
<iter>
<kw name="Click Element" owner="SeleniumLibrary">
<msg time="2024-04-03T21:40:42.427430" level="INFO">Clicking element '&lt;selenium.webdriver.remote.webelement.WebElement (session="a3faec01818d72bb3106387d3197dac1", element="40E335972B86BC8EAC6CBBBDC471844E_element_315")&gt;'.</msg>
<arg>${forms}[${index}]</arg>
<doc>Click the element identified by ``locator``.</doc>
<status status="PASS" start="2024-04-03T21:40:42.427430" elapsed="0.026024"/>
</kw>
<kw name="Sleep" owner="BuiltIn">
<msg time="2024-04-03T21:40:44.454408" level="INFO">Slept 2 seconds.</msg>
<arg>2s</arg>
<doc>Pauses the test executed for the given time.</doc>
<status status="PASS" start="2024-04-03T21:40:42.453454" elapsed="2.000954"/>
</kw>
<var name="${index}">2</var>
<status status="PASS" start="2024-04-03T21:40:42.427430" elapsed="2.026978"/>
</iter>
<iter>
<kw name="Click Element" owner="SeleniumLibrary">
<msg time="2024-04-03T21:40:44.454408" level="INFO">Clicking element '&lt;selenium.webdriver.remote.webelement.WebElement (session="a3faec01818d72bb3106387d3197dac1", element="40E335972B86BC8EAC6CBBBDC471844E_element_316")&gt;'.</msg>
<arg>${forms}[${index}]</arg>
<doc>Click the element identified by ``locator``.</doc>
<status status="PASS" start="2024-04-03T21:40:44.454408" elapsed="0.028025"/>
</kw>
<kw name="Sleep" owner="BuiltIn">
<msg time="2024-04-03T21:40:46.483276" level="INFO">Slept 2 seconds.</msg>
<arg>2s</arg>
<doc>Pauses the test executed for the given time.</doc>
<status status="PASS" start="2024-04-03T21:40:44.482433" elapsed="2.000843"/>
</kw>
<var name="${index}">3</var>
<status status="PASS" start="2024-04-03T21:40:44.454408" elapsed="2.028868"/>
</iter>
<iter>
<kw name="Click Element" owner="SeleniumLibrary">
<msg time="2024-04-03T21:40:46.483276" level="INFO">Clicking element '&lt;selenium.webdriver.remote.webelement.WebElement (session="a3faec01818d72bb3106387d3197dac1", element="40E335972B86BC8EAC6CBBBDC471844E_element_317")&gt;'.</msg>
<arg>${forms}[${index}]</arg>
<doc>Click the element identified by ``locator``.</doc>
<status status="PASS" start="2024-04-03T21:40:46.483276" elapsed="0.027024"/>
</kw>
<kw name="Sleep" owner="BuiltIn">
<msg time="2024-04-03T21:40:48.512217" level="INFO">Slept 2 seconds.</msg>
<arg>2s</arg>
<doc>Pauses the test executed for the given time.</doc>
<status status="PASS" start="2024-04-03T21:40:46.511302" elapsed="2.000915"/>
</kw>
<var name="${index}">4</var>
<status status="PASS" start="2024-04-03T21:40:46.483276" elapsed="2.028941"/>
</iter>
<var>${index}</var>
<value>0</value>
<value>${maxClicks}</value>
<status status="PASS" start="2024-04-03T21:40:38.350826" elapsed="10.161391"/>
</for>
<status status="PASS" start="2024-04-03T21:40:38.338814" elapsed="10.173403"/>
</kw>
<kw name="Redirect to CartPage" owner="RedirectCartPage">
<kw name="Wait Until Page Contains Element" owner="SeleniumLibrary">
<arg>xpath=//a[@href='https://www.nejavu.com/cart']</arg>
<arg>5s</arg>
<doc>Waits until the element ``locator`` appears on the current page.</doc>
<status status="PASS" start="2024-04-03T21:40:48.513218" elapsed="0.007007"/>
</kw>
<kw name="Click Element" owner="SeleniumLibrary">
<msg time="2024-04-03T21:40:48.520225" level="INFO">Clicking element 'xpath=//a[@href='https://www.nejavu.com/cart']'.</msg>
<arg>xpath=//a[@href='https://www.nejavu.com/cart']</arg>
<doc>Click the element identified by ``locator``.</doc>
<status status="PASS" start="2024-04-03T21:40:48.520225" elapsed="0.660291"/>
</kw>
<status status="PASS" start="2024-04-03T21:40:48.512217" elapsed="0.668299"/>
</kw>
<kw name="Get Book Title In Cart" owner="GetBookInCart">
<kw name="Log" owner="BuiltIn">
<msg time="2024-04-03T21:40:49.181517" level="INFO">['[จัดส่ง18เม.ย.67](BOXSET No.1) NARUTO นินจาคาถา โอ้โฮเฮะ เล่ม 1 - 18', '[จัดส่ง18เม.ย.67](BOXSET No.2) NARUTO นินจาคาถา โอ้โฮเฮะ เล่ม 19 - 36', '[จัดส่ง20มิ.ย..67](BOXSET) Boruto โบรุโตะ เล่ม 20', 'คืนนี้พี่ขอดูด เล่ม 4 [Limited Edition]', 'มหาศึกคนชนคน เล่ม 3']</msg>
<arg>${globalBookTitles}</arg>
<doc>Logs the given message with the given level.</doc>
<status status="PASS" start="2024-04-03T21:40:49.181517" elapsed="0.000000"/>
</kw>
<kw name="Get WebElements" owner="SeleniumLibrary">
<msg time="2024-04-03T21:40:49.188523" level="INFO">${BookTitleInCart} = [&lt;selenium.webdriver.remote.webelement.WebElement (session="a3faec01818d72bb3106387d3197dac1", element="D82F5851C4D6A8BB8151A37F7FAA9DAB_element_413")&gt;, &lt;selenium.webdriver.remote.webelement.WebElemen...</msg>
<var>${BookTitleInCart}</var>
<arg>xpath=//div[@class='cart-item-detail']/p[not(@class)]//strong</arg>
<doc>Returns a list of WebElement objects matching the ``locator``.</doc>
<status status="PASS" start="2024-04-03T21:40:49.181517" elapsed="0.007006"/>
</kw>
<kw name="Set Variable" owner="BuiltIn">
<msg time="2024-04-03T21:40:49.188523" level="INFO">${maxLoop} = 5</msg>
<var>${maxLoop}</var>
<arg>${5}</arg>
<doc>Returns the given values which can then be assigned to a variables.</doc>
<status status="PASS" start="2024-04-03T21:40:49.188523" elapsed="0.000000"/>
</kw>
<kw name="Create List" owner="BuiltIn">
<msg time="2024-04-03T21:40:49.188523" level="INFO">${listBook} = []</msg>
<var>${listBook}</var>
<doc>Returns a list containing given items.</doc>
<status status="PASS" start="2024-04-03T21:40:49.188523" elapsed="0.000000"/>
</kw>
<for flavor="IN RANGE">
<iter>
<kw name="Set Variable" owner="BuiltIn">
<msg time="2024-04-03T21:40:49.189524" level="INFO">${book} = &lt;selenium.webdriver.remote.webelement.WebElement (session="a3faec01818d72bb3106387d3197dac1", element="D82F5851C4D6A8BB8151A37F7FAA9DAB_element_413")&gt;</msg>
<var>${book}</var>
<arg>${BookTitleInCart}[${Index}]</arg>
<doc>Returns the given values which can then be assigned to a variables.</doc>
<status status="PASS" start="2024-04-03T21:40:49.189524" elapsed="0.000000"/>
</kw>
<kw name="Get Text" owner="SeleniumLibrary">
<msg time="2024-04-03T21:40:49.194529" level="INFO">${acturlBook} = [จัดส่ง20มิ.ย..67](BOXSET) Boruto โบรุโตะ เล่ม 20</msg>
<var>${acturlBook}</var>
<arg>${book}</arg>
<doc>Returns the text value of the element identified by ``locator``.</doc>
<status status="PASS" start="2024-04-03T21:40:49.189524" elapsed="0.005005"/>
</kw>
<kw name="Log" owner="BuiltIn">
<msg time="2024-04-03T21:40:49.194529" level="INFO">[จัดส่ง20มิ.ย..67](BOXSET) Boruto โบรุโตะ เล่ม 20</msg>
<arg>${acturlBook}</arg>
<doc>Logs the given message with the given level.</doc>
<status status="PASS" start="2024-04-03T21:40:49.194529" elapsed="0.000000"/>
</kw>
<kw name="Append To List" owner="Collections">
<arg>${listBook}</arg>
<arg>${acturlBook}</arg>
<doc>Adds ``values`` to the end of ``list``.</doc>
<status status="PASS" start="2024-04-03T21:40:49.194529" elapsed="0.000000"/>
</kw>
<var name="${index}">0</var>
<status status="PASS" start="2024-04-03T21:40:49.189524" elapsed="0.005005"/>
</iter>
<iter>
<kw name="Set Variable" owner="BuiltIn">
<msg time="2024-04-03T21:40:49.195530" level="INFO">${book} = &lt;selenium.webdriver.remote.webelement.WebElement (session="a3faec01818d72bb3106387d3197dac1", element="D82F5851C4D6A8BB8151A37F7FAA9DAB_element_414")&gt;</msg>
<var>${book}</var>
<arg>${BookTitleInCart}[${Index}]</arg>
<doc>Returns the given values which can then be assigned to a variables.</doc>
<status status="PASS" start="2024-04-03T21:40:49.194529" elapsed="0.001001"/>
</kw>
<kw name="Get Text" owner="SeleniumLibrary">
<msg time="2024-04-03T21:40:49.199534" level="INFO">${acturlBook} = [จัดส่ง18เม.ย.67](BOXSET No.2) NARUTO นินจาคาถา โอ้โฮเฮะ เล่ม 19 - 36</msg>
<var>${acturlBook}</var>
<arg>${book}</arg>
<doc>Returns the text value of the element identified by ``locator``.</doc>
<status status="PASS" start="2024-04-03T21:40:49.195530" elapsed="0.004004"/>
</kw>
<kw name="Log" owner="BuiltIn">
<msg time="2024-04-03T21:40:49.199534" level="INFO">[จัดส่ง18เม.ย.67](BOXSET No.2) NARUTO นินจาคาถา โอ้โฮเฮะ เล่ม 19 - 36</msg>
<arg>${acturlBook}</arg>
<doc>Logs the given message with the given level.</doc>
<status status="PASS" start="2024-04-03T21:40:49.199534" elapsed="0.001000"/>
</kw>
<kw name="Append To List" owner="Collections">
<arg>${listBook}</arg>
<arg>${acturlBook}</arg>
<doc>Adds ``values`` to the end of ``list``.</doc>
<status status="PASS" start="2024-04-03T21:40:49.200534" elapsed="0.000000"/>
</kw>
<var name="${index}">1</var>
<status status="PASS" start="2024-04-03T21:40:49.194529" elapsed="0.006005"/>
</iter>
<iter>
<kw name="Set Variable" owner="BuiltIn">
<msg time="2024-04-03T21:40:49.200534" level="INFO">${book} = &lt;selenium.webdriver.remote.webelement.WebElement (session="a3faec01818d72bb3106387d3197dac1", element="D82F5851C4D6A8BB8151A37F7FAA9DAB_element_415")&gt;</msg>
<var>${book}</var>
<arg>${BookTitleInCart}[${Index}]</arg>
<doc>Returns the given values which can then be assigned to a variables.</doc>
<status status="PASS" start="2024-04-03T21:40:49.200534" elapsed="0.000000"/>
</kw>
<kw name="Get Text" owner="SeleniumLibrary">
<msg time="2024-04-03T21:40:49.204538" level="INFO">${acturlBook} = [จัดส่ง18เม.ย.67](BOXSET No.1) NARUTO นินจาคาถา โอ้โฮเฮะ เล่ม 1 - 18</msg>
<var>${acturlBook}</var>
<arg>${book}</arg>
<doc>Returns the text value of the element identified by ``locator``.</doc>
<status status="PASS" start="2024-04-03T21:40:49.200534" elapsed="0.004004"/>
</kw>
<kw name="Log" owner="BuiltIn">
<msg time="2024-04-03T21:40:49.204538" level="INFO">[จัดส่ง18เม.ย.67](BOXSET No.1) NARUTO นินจาคาถา โอ้โฮเฮะ เล่ม 1 - 18</msg>
<arg>${acturlBook}</arg>
<doc>Logs the given message with the given level.</doc>
<status status="PASS" start="2024-04-03T21:40:49.204538" elapsed="0.000000"/>
</kw>
<kw name="Append To List" owner="Collections">
<arg>${listBook}</arg>
<arg>${acturlBook}</arg>
<doc>Adds ``values`` to the end of ``list``.</doc>
<status status="PASS" start="2024-04-03T21:40:49.204538" elapsed="0.001000"/>
</kw>
<var name="${index}">2</var>
<status status="PASS" start="2024-04-03T21:40:49.200534" elapsed="0.005004"/>
</iter>
<iter>
<kw name="Set Variable" owner="BuiltIn">
<msg time="2024-04-03T21:40:49.205538" level="INFO">${book} = &lt;selenium.webdriver.remote.webelement.WebElement (session="a3faec01818d72bb3106387d3197dac1", element="D82F5851C4D6A8BB8151A37F7FAA9DAB_element_416")&gt;</msg>
<var>${book}</var>
<arg>${BookTitleInCart}[${Index}]</arg>
<doc>Returns the given values which can then be assigned to a variables.</doc>
<status status="PASS" start="2024-04-03T21:40:49.205538" elapsed="0.000000"/>
</kw>
<kw name="Get Text" owner="SeleniumLibrary">
<msg time="2024-04-03T21:40:49.209542" level="INFO">${acturlBook} = มหาศึกคนชนคน เล่ม 3</msg>
<var>${acturlBook}</var>
<arg>${book}</arg>
<doc>Returns the text value of the element identified by ``locator``.</doc>
<status status="PASS" start="2024-04-03T21:40:49.205538" elapsed="0.004004"/>
</kw>
<kw name="Log" owner="BuiltIn">
<msg time="2024-04-03T21:40:49.209542" level="INFO">มหาศึกคนชนคน เล่ม 3</msg>
<arg>${acturlBook}</arg>
<doc>Logs the given message with the given level.</doc>
<status status="PASS" start="2024-04-03T21:40:49.209542" elapsed="0.000000"/>
</kw>
<kw name="Append To List" owner="Collections">
<arg>${listBook}</arg>
<arg>${acturlBook}</arg>
<doc>Adds ``values`` to the end of ``list``.</doc>
<status status="PASS" start="2024-04-03T21:40:49.209542" elapsed="0.000000"/>
</kw>
<var name="${index}">3</var>
<status status="PASS" start="2024-04-03T21:40:49.205538" elapsed="0.004004"/>
</iter>
<iter>
<kw name="Set Variable" owner="BuiltIn">
<msg time="2024-04-03T21:40:49.210543" level="INFO">${book} = &lt;selenium.webdriver.remote.webelement.WebElement (session="a3faec01818d72bb3106387d3197dac1", element="D82F5851C4D6A8BB8151A37F7FAA9DAB_element_417")&gt;</msg>
<var>${book}</var>
<arg>${BookTitleInCart}[${Index}]</arg>
<doc>Returns the given values which can then be assigned to a variables.</doc>
<status status="PASS" start="2024-04-03T21:40:49.210543" elapsed="0.000000"/>
</kw>
<kw name="Get Text" owner="SeleniumLibrary">
<msg time="2024-04-03T21:40:49.214547" level="INFO">${acturlBook} = คืนนี้พี่ขอดูด เล่ม 4 [Limited Edition]</msg>
<var>${acturlBook}</var>
<arg>${book}</arg>
<doc>Returns the text value of the element identified by ``locator``.</doc>
<status status="PASS" start="2024-04-03T21:40:49.210543" elapsed="0.004004"/>
</kw>
<kw name="Log" owner="BuiltIn">
<msg time="2024-04-03T21:40:49.214547" level="INFO">คืนนี้พี่ขอดูด เล่ม 4 [Limited Edition]</msg>
<arg>${acturlBook}</arg>
<doc>Logs the given message with the given level.</doc>
<status status="PASS" start="2024-04-03T21:40:49.214547" elapsed="0.000000"/>
</kw>
<kw name="Append To List" owner="Collections">
<arg>${listBook}</arg>
<arg>${acturlBook}</arg>
<doc>Adds ``values`` to the end of ``list``.</doc>
<status status="PASS" start="2024-04-03T21:40:49.214547" elapsed="0.000000"/>
</kw>
<var name="${index}">4</var>
<status status="PASS" start="2024-04-03T21:40:49.210543" elapsed="0.004004"/>
</iter>
<var>${index}</var>
<value>0</value>
<value>${maxLoop}</value>
<status status="PASS" start="2024-04-03T21:40:49.188523" elapsed="0.026024"/>
</for>
<kw name="Sort List" owner="Collections">
<arg>${listBook}</arg>
<doc>Sorts the given list in place.</doc>
<status status="PASS" start="2024-04-03T21:40:49.214547" elapsed="0.000000"/>
</kw>
<kw name="Log" owner="BuiltIn">
<msg time="2024-04-03T21:40:49.214547" level="INFO">['[จัดส่ง18เม.ย.67](BOXSET No.1) NARUTO นินจาคาถา โอ้โฮเฮะ เล่ม 1 - 18', '[จัดส่ง18เม.ย.67](BOXSET No.2) NARUTO นินจาคาถา โอ้โฮเฮะ เล่ม 19 - 36', '[จัดส่ง20มิ.ย..67](BOXSET) Boruto โบรุโตะ เล่ม 20', 'คืนนี้พี่ขอดูด เล่ม 4 [Limited Edition]', 'มหาศึกคนชนคน เล่ม 3']</msg>
<arg>${listBook}</arg>
<doc>Logs the given message with the given level.</doc>
<status status="PASS" start="2024-04-03T21:40:49.214547" elapsed="0.000000"/>
</kw>
<kw name="Should Be Equal" owner="BuiltIn">
<arg>${listBook}</arg>
<arg>${globalBookTitles}</arg>
<doc>Fails if the given objects are unequal.</doc>
<status status="PASS" start="2024-04-03T21:40:49.214547" elapsed="0.000000"/>
</kw>
<status status="PASS" start="2024-04-03T21:40:49.181517" elapsed="0.034031"/>
</kw>
<kw name="Delete Books In Cart" owner="DeleteBookInCart">
<kw name="Get Element Count" owner="SeleniumLibrary">
<msg time="2024-04-03T21:40:49.221553" level="INFO">${itemsCount} = 5</msg>
<var>${itemsCount}</var>
<arg>xpath=//a[@class='delete-item']</arg>
<doc>Returns the number of elements matching ``locator``.</doc>
<status status="PASS" start="2024-04-03T21:40:49.215548" elapsed="0.006005"/>
</kw>
<for flavor="IN RANGE">
<iter>
<kw name="Get WebElements" owner="SeleniumLibrary">
<msg time="2024-04-03T21:40:49.225557" level="INFO">${deleteButtons} = [&lt;selenium.webdriver.remote.webelement.WebElement (session="a3faec01818d72bb3106387d3197dac1", element="D82F5851C4D6A8BB8151A37F7FAA9DAB_element_418")&gt;, &lt;selenium.webdriver.remote.webelement.WebElemen...</msg>
<var>${deleteButtons}</var>
<arg>xpath=//a[@class='delete-item']</arg>
<doc>Returns a list of WebElement objects matching the ``locator``.</doc>
<status status="PASS" start="2024-04-03T21:40:49.221553" elapsed="0.004004"/>
</kw>
<kw name="Click Element" owner="SeleniumLibrary">
<msg time="2024-04-03T21:40:49.225557" level="INFO">Clicking element '&lt;selenium.webdriver.remote.webelement.WebElement (session="a3faec01818d72bb3106387d3197dac1", element="D82F5851C4D6A8BB8151A37F7FAA9DAB_element_418")&gt;'.</msg>
<arg>${deleteButtons}[0]</arg>
<doc>Click the element identified by ``locator``.</doc>
<status status="PASS" start="2024-04-03T21:40:49.225557" elapsed="0.027025"/>
</kw>
<kw name="Wait Until Element Is Visible" owner="SeleniumLibrary">
<arg>xpath=//button[contains(text(),'ใช่ ลบรายการ')]</arg>
<arg>5s</arg>
<doc>Waits until the element ``locator`` is visible.</doc>
<status status="PASS" start="2024-04-03T21:40:49.252582" elapsed="0.222966"/>
</kw>
<kw name="Click Element" owner="SeleniumLibrary">
<msg time="2024-04-03T21:40:49.475548" level="INFO">Clicking element 'xpath=//button[contains(text(),'ใช่ ลบรายการ')]'.</msg>
<arg>xpath=//button[contains(text(),'ใช่ ลบรายการ')]</arg>
<doc>Click the element identified by ``locator``.</doc>
<status status="PASS" start="2024-04-03T21:40:49.475548" elapsed="0.035032"/>
</kw>
<kw name="Wait Until Element Is Not Visible" owner="SeleniumLibrary">
<arg>xpath=//button[contains(text(),'ใช่ ลบรายการ')]</arg>
<arg>5s</arg>
<doc>Waits until the element ``locator`` is not visible.</doc>
<status status="PASS" start="2024-04-03T21:40:49.510580" elapsed="0.004003"/>
</kw>
<kw name="Sleep" owner="BuiltIn">
<msg time="2024-04-03T21:40:51.515797" level="INFO">Slept 2 seconds.</msg>
<arg>2s</arg>
<doc>Pauses the test executed for the given time.</doc>
<status status="PASS" start="2024-04-03T21:40:49.514583" elapsed="2.001214"/>
</kw>
<var name="${index}">0</var>
<status status="PASS" start="2024-04-03T21:40:49.221553" elapsed="2.294244"/>
</iter>
<iter>
<kw name="Get WebElements" owner="SeleniumLibrary">
<msg time="2024-04-03T21:40:51.520797" level="INFO">${deleteButtons} = [&lt;selenium.webdriver.remote.webelement.WebElement (session="a3faec01818d72bb3106387d3197dac1", element="7FB18962C88CBC48C9FBAE4FFFA74BA3_element_486")&gt;, &lt;selenium.webdriver.remote.webelement.WebElemen...</msg>
<var>${deleteButtons}</var>
<arg>xpath=//a[@class='delete-item']</arg>
<doc>Returns a list of WebElement objects matching the ``locator``.</doc>
<status status="PASS" start="2024-04-03T21:40:51.515797" elapsed="0.005000"/>
</kw>
<kw name="Click Element" owner="SeleniumLibrary">
<msg time="2024-04-03T21:40:51.520797" level="INFO">Clicking element '&lt;selenium.webdriver.remote.webelement.WebElement (session="a3faec01818d72bb3106387d3197dac1", element="7FB18962C88CBC48C9FBAE4FFFA74BA3_element_486")&gt;'.</msg>
<arg>${deleteButtons}[0]</arg>
<doc>Click the element identified by ``locator``.</doc>
<status status="PASS" start="2024-04-03T21:40:51.520797" elapsed="0.021019"/>
</kw>
<kw name="Wait Until Element Is Visible" owner="SeleniumLibrary">
<arg>xpath=//button[contains(text(),'ใช่ ลบรายการ')]</arg>
<arg>5s</arg>
<doc>Waits until the element ``locator`` is visible.</doc>
<status status="PASS" start="2024-04-03T21:40:51.541816" elapsed="0.214365"/>
</kw>
<kw name="Click Element" owner="SeleniumLibrary">
<msg time="2024-04-03T21:40:51.756181" level="INFO">Clicking element 'xpath=//button[contains(text(),'ใช่ ลบรายการ')]'.</msg>
<arg>xpath=//button[contains(text(),'ใช่ ลบรายการ')]</arg>
<doc>Click the element identified by ``locator``.</doc>
<status status="PASS" start="2024-04-03T21:40:51.756181" elapsed="0.034031"/>
</kw>
<kw name="Wait Until Element Is Not Visible" owner="SeleniumLibrary">
<arg>xpath=//button[contains(text(),'ใช่ ลบรายการ')]</arg>
<arg>5s</arg>
<doc>Waits until the element ``locator`` is not visible.</doc>
<status status="PASS" start="2024-04-03T21:40:51.790212" elapsed="0.004003"/>
</kw>
<kw name="Sleep" owner="BuiltIn">
<msg time="2024-04-03T21:40:53.796169" level="INFO">Slept 2 seconds.</msg>
<arg>2s</arg>
<doc>Pauses the test executed for the given time.</doc>
<status status="PASS" start="2024-04-03T21:40:51.795216" elapsed="2.000953"/>
</kw>
<var name="${index}">1</var>
<status status="PASS" start="2024-04-03T21:40:51.515797" elapsed="2.280372"/>
</iter>
<iter>
<kw name="Get WebElements" owner="SeleniumLibrary">
<msg time="2024-04-03T21:40:53.801057" level="INFO">${deleteButtons} = [&lt;selenium.webdriver.remote.webelement.WebElement (session="a3faec01818d72bb3106387d3197dac1", element="83219C6B4B408968B020AC836F48BE26_element_558")&gt;, &lt;selenium.webdriver.remote.webelement.WebElemen...</msg>
<var>${deleteButtons}</var>
<arg>xpath=//a[@class='delete-item']</arg>
<doc>Returns a list of WebElement objects matching the ``locator``.</doc>
<status status="PASS" start="2024-04-03T21:40:53.796169" elapsed="0.004888"/>
</kw>
<kw name="Click Element" owner="SeleniumLibrary">
<msg time="2024-04-03T21:40:53.801057" level="INFO">Clicking element '&lt;selenium.webdriver.remote.webelement.WebElement (session="a3faec01818d72bb3106387d3197dac1", element="83219C6B4B408968B020AC836F48BE26_element_558")&gt;'.</msg>
<arg>${deleteButtons}[0]</arg>
<doc>Click the element identified by ``locator``.</doc>
<status status="PASS" start="2024-04-03T21:40:53.801057" elapsed="0.020018"/>
</kw>
<kw name="Wait Until Element Is Visible" owner="SeleniumLibrary">
<arg>xpath=//button[contains(text(),'ใช่ ลบรายการ')]</arg>
<arg>5s</arg>
<doc>Waits until the element ``locator`` is visible.</doc>
<status status="PASS" start="2024-04-03T21:40:53.821075" elapsed="0.212014"/>
</kw>
<kw name="Click Element" owner="SeleniumLibrary">
<msg time="2024-04-03T21:40:54.034090" level="INFO">Clicking element 'xpath=//button[contains(text(),'ใช่ ลบรายการ')]'.</msg>
<arg>xpath=//button[contains(text(),'ใช่ ลบรายการ')]</arg>
<doc>Click the element identified by ``locator``.</doc>
<status status="PASS" start="2024-04-03T21:40:54.034090" elapsed="0.029027"/>
</kw>
<kw name="Wait Until Element Is Not Visible" owner="SeleniumLibrary">
<arg>xpath=//button[contains(text(),'ใช่ ลบรายการ')]</arg>
<arg>5s</arg>
<doc>Waits until the element ``locator`` is not visible.</doc>
<status status="PASS" start="2024-04-03T21:40:54.064118" elapsed="0.005004"/>
</kw>
<kw name="Sleep" owner="BuiltIn">
<msg time="2024-04-03T21:40:56.069431" level="INFO">Slept 2 seconds.</msg>
<arg>2s</arg>
<doc>Pauses the test executed for the given time.</doc>
<status status="PASS" start="2024-04-03T21:40:54.069122" elapsed="2.000309"/>
</kw>
<var name="${index}">2</var>
<status status="PASS" start="2024-04-03T21:40:53.796169" elapsed="2.273262"/>
</iter>
<iter>
<kw name="Get WebElements" owner="SeleniumLibrary">
<msg time="2024-04-03T21:40:56.074435" level="INFO">${deleteButtons} = [&lt;selenium.webdriver.remote.webelement.WebElement (session="a3faec01818d72bb3106387d3197dac1", element="E912D517573506E661F059877A0CB3A7_element_632")&gt;, &lt;selenium.webdriver.remote.webelement.WebElemen...</msg>
<var>${deleteButtons}</var>
<arg>xpath=//a[@class='delete-item']</arg>
<doc>Returns a list of WebElement objects matching the ``locator``.</doc>
<status status="PASS" start="2024-04-03T21:40:56.069431" elapsed="0.005004"/>
</kw>
<kw name="Click Element" owner="SeleniumLibrary">
<msg time="2024-04-03T21:40:56.074435" level="INFO">Clicking element '&lt;selenium.webdriver.remote.webelement.WebElement (session="a3faec01818d72bb3106387d3197dac1", element="E912D517573506E661F059877A0CB3A7_element_632")&gt;'.</msg>
<arg>${deleteButtons}[0]</arg>
<doc>Click the element identified by ``locator``.</doc>
<status status="PASS" start="2024-04-03T21:40:56.074435" elapsed="0.020019"/>
</kw>
<kw name="Wait Until Element Is Visible" owner="SeleniumLibrary">
<arg>xpath=//button[contains(text(),'ใช่ ลบรายการ')]</arg>
<arg>5s</arg>
<doc>Waits until the element ``locator`` is visible.</doc>
<status status="PASS" start="2024-04-03T21:40:56.094454" elapsed="0.213380"/>
</kw>
<kw name="Click Element" owner="SeleniumLibrary">
<msg time="2024-04-03T21:40:56.307834" level="INFO">Clicking element 'xpath=//button[contains(text(),'ใช่ ลบรายการ')]'.</msg>
<arg>xpath=//button[contains(text(),'ใช่ ลบรายการ')]</arg>
<doc>Click the element identified by ``locator``.</doc>
<status status="PASS" start="2024-04-03T21:40:56.307834" elapsed="0.029032"/>
</kw>
<kw name="Wait Until Element Is Not Visible" owner="SeleniumLibrary">
<arg>xpath=//button[contains(text(),'ใช่ ลบรายการ')]</arg>
<arg>5s</arg>
<doc>Waits until the element ``locator`` is not visible.</doc>
<status status="PASS" start="2024-04-03T21:40:56.337861" elapsed="0.005005"/>
</kw>
<kw name="Sleep" owner="BuiltIn">
<msg time="2024-04-03T21:40:58.343200" level="INFO">Slept 2 seconds.</msg>
<arg>2s</arg>
<doc>Pauses the test executed for the given time.</doc>
<status status="PASS" start="2024-04-03T21:40:56.342866" elapsed="2.000334"/>
</kw>
<var name="${index}">3</var>
<status status="PASS" start="2024-04-03T21:40:56.069431" elapsed="2.273769"/>
</iter>
<iter>
<kw name="Get WebElements" owner="SeleniumLibrary">
<msg time="2024-04-03T21:40:58.348205" level="INFO">${deleteButtons} = [&lt;selenium.webdriver.remote.webelement.WebElement (session="a3faec01818d72bb3106387d3197dac1", element="FF4FA725E458ADC77F0D1B32AD0BE699_element_716")&gt;]</msg>
<var>${deleteButtons}</var>
<arg>xpath=//a[@class='delete-item']</arg>
<doc>Returns a list of WebElement objects matching the ``locator``.</doc>
<status status="PASS" start="2024-04-03T21:40:58.343200" elapsed="0.005005"/>
</kw>
<kw name="Click Element" owner="SeleniumLibrary">
<msg time="2024-04-03T21:40:58.349205" level="INFO">Clicking element '&lt;selenium.webdriver.remote.webelement.WebElement (session="a3faec01818d72bb3106387d3197dac1", element="FF4FA725E458ADC77F0D1B32AD0BE699_element_716")&gt;'.</msg>
<arg>${deleteButtons}[0]</arg>
<doc>Click the element identified by ``locator``.</doc>
<status status="PASS" start="2024-04-03T21:40:58.349205" elapsed="0.020019"/>
</kw>
<kw name="Wait Until Element Is Visible" owner="SeleniumLibrary">
<arg>xpath=//button[contains(text(),'ใช่ ลบรายการ')]</arg>
<arg>5s</arg>
<doc>Waits until the element ``locator`` is visible.</doc>
<status status="PASS" start="2024-04-03T21:40:58.369224" elapsed="0.214219"/>
</kw>
<kw name="Click Element" owner="SeleniumLibrary">
<msg time="2024-04-03T21:40:58.583443" level="INFO">Clicking element 'xpath=//button[contains(text(),'ใช่ ลบรายการ')]'.</msg>
<arg>xpath=//button[contains(text(),'ใช่ ลบรายการ')]</arg>
<doc>Click the element identified by ``locator``.</doc>
<status status="PASS" start="2024-04-03T21:40:58.583443" elapsed="0.032032"/>
</kw>
<kw name="Wait Until Element Is Not Visible" owner="SeleniumLibrary">
<arg>xpath=//button[contains(text(),'ใช่ ลบรายการ')]</arg>
<arg>5s</arg>
<doc>Waits until the element ``locator`` is not visible.</doc>
<status status="PASS" start="2024-04-03T21:40:58.615475" elapsed="0.006004"/>
</kw>
<kw name="Sleep" owner="BuiltIn">
<msg time="2024-04-03T21:41:00.622138" level="INFO">Slept 2 seconds.</msg>
<arg>2s</arg>
<doc>Pauses the test executed for the given time.</doc>
<status status="PASS" start="2024-04-03T21:40:58.621479" elapsed="2.000659"/>
</kw>
<var name="${index}">4</var>
<status status="PASS" start="2024-04-03T21:40:58.343200" elapsed="2.278938"/>
</iter>
<var>${index}</var>
<value>${itemsCount}</value>
<status status="PASS" start="2024-04-03T21:40:49.221553" elapsed="11.400585"/>
</for>
<status status="PASS" start="2024-04-03T21:40:49.215548" elapsed="11.406590"/>
</kw>
<kw name="Check Cart To Empty" owner="CheckCartToEmpty">
<kw name="Wait Until Element Is Visible" owner="SeleniumLibrary">
<arg>xpath=//a[@href="https://www.nejavu.com/cart"]//div[text()="0"]</arg>
<arg>5s</arg>
<doc>Waits until the element ``locator`` is visible.</doc>
<status status="PASS" start="2024-04-03T21:41:00.623138" elapsed="0.011010"/>
</kw>
<kw name="Get Text" owner="SeleniumLibrary">
<msg time="2024-04-03T21:41:00.644157" level="INFO">${badgeText} = 0</msg>
<var>${badgeText}</var>
<arg>xpath=//a[@href="https://www.nejavu.com/cart"]//div[text()="0"]</arg>
<doc>Returns the text value of the element identified by ``locator``.</doc>
<status status="PASS" start="2024-04-03T21:41:00.634148" elapsed="0.010009"/>
</kw>
<kw name="Run Keyword If" owner="BuiltIn">
<kw name="Log" owner="BuiltIn">
<msg time="2024-04-03T21:41:00.645158" level="INFO">ตะกร้าว่างเปล่า</msg>
<arg>ตะกร้าว่างเปล่า</arg>
<doc>Logs the given message with the given level.</doc>
<status status="PASS" start="2024-04-03T21:41:00.645158" elapsed="0.000000"/>
</kw>
<arg>'${badgeText}' == '0'</arg>
<arg>Log</arg>
<arg>ตะกร้าว่างเปล่า</arg>
<arg>ELSE</arg>
<arg>Log</arg>
<arg>ยังมีสินค้าอยู่ในตะกร้า</arg>
<doc>Runs the given keyword with the given arguments, if ``condition`` is true.</doc>
<status status="PASS" start="2024-04-03T21:41:00.645158" elapsed="0.000000"/>
</kw>
<status status="PASS" start="2024-04-03T21:41:00.622138" elapsed="0.023020"/>
</kw>
<status status="PASS" start="2024-04-03T21:40:26.707595" elapsed="33.937563"/>
</test>
<kw name="Close Browser" owner="SeleniumLibrary" type="TEARDOWN">
<doc>Closes the current browser.</doc>
<status status="PASS" start="2024-04-03T21:41:00.646159" elapsed="2.119486"/>
</kw>
<status status="PASS" start="2024-04-03T21:40:14.837184" elapsed="47.928461"/>
</suite>
<statistics>
<total>
<stat pass="1" fail="0" skip="0">All Tests</stat>
</total>
<tag>
</tag>
<suite>
<stat pass="1" fail="0" skip="0" id="s1" name="Nejavu Test">Nejavu Test</stat>
</suite>
</statistics>
<errors>
</errors>
</robot>
