<?xml version="1.0" encoding="UTF-8"?>
<robot generator="Robot 7.0 (Python 3.11.4 on win32)" generated="2024-04-05T08:51:06.377075" rpa="false" schemaversion="5">
<suite id="s1" name="Nejavu Test" source="C:\Users\Windows-10\Desktop\Automation\nejavu\automate\testcases\nejavu_test.robot">
<kw name="Open Browser" owner="SeleniumLibrary" type="SETUP">
<msg time="2024-04-05T08:51:06.537695" level="INFO">Opening browser 'chrome' to base url 'https://www.nejavu.com'.</msg>
<arg>${baseUrl}</arg>
<arg>chrome</arg>
<doc>Opens a new browser instance to the optional ``url``.</doc>
<status status="PASS" start="2024-04-05T08:51:06.537695" elapsed="13.606691"/>
</kw>
<test id="s1-t1" name="Open Nejavu Website for Automate Testing" line="21">
<kw name="Maximize Browser Window" owner="SeleniumLibrary">
<doc>Maximizes current browser window.</doc>
<status status="PASS" start="2024-04-05T08:51:20.145387" elapsed="0.122119"/>
</kw>
<kw name="Sleep" owner="BuiltIn">
<msg time="2024-04-05T08:51:23.269191" level="INFO">Slept 3 seconds.</msg>
<arg>${Wait Time}</arg>
<doc>Pauses the test executed for the given time.</doc>
<status status="PASS" start="2024-04-05T08:51:20.267506" elapsed="3.001685"/>
</kw>
<kw name="Close Modal If Exists" owner="CloseModal">
<kw name="Wait Until Element Is Visible" owner="SeleniumLibrary">
<arg>xpath://a[@class='close-modal']</arg>
<arg>3s</arg>
<doc>Waits until the element ``locator`` is visible.</doc>
<status status="PASS" start="2024-04-05T08:51:23.270192" elapsed="0.014012"/>
</kw>
<kw name="Click Element" owner="SeleniumLibrary">
<msg time="2024-04-05T08:51:23.284204" level="INFO">Clicking element 'xpath://a[@class='close-modal']'.</msg>
<arg>xpath://a[@class='close-modal']</arg>
<doc>Click the element identified by ``locator``.</doc>
<status status="PASS" start="2024-04-05T08:51:23.284204" elapsed="0.036033"/>
</kw>
<status status="PASS" start="2024-04-05T08:51:23.269191" elapsed="0.051046"/>
</kw>
<kw name="Click Accept Cookie" owner="AcceptCookie">
<kw name="Wait Until Element Is Visible" owner="SeleniumLibrary">
<arg>xpath=//a[text()='ยอมรับ']</arg>
<arg>5s</arg>
<doc>Waits until the element ``locator`` is visible.</doc>
<status status="PASS" start="2024-04-05T08:51:23.321238" elapsed="0.016014"/>
</kw>
<kw name="Click Element" owner="SeleniumLibrary">
<msg time="2024-04-05T08:51:23.338253" level="INFO">Clicking element 'xpath=//a[text()='ยอมรับ']'.</msg>
<arg>xpath=//a[text()='ยอมรับ']</arg>
<doc>Click the element identified by ``locator``.</doc>
<status status="PASS" start="2024-04-05T08:51:23.337252" elapsed="0.479464"/>
</kw>
<status status="PASS" start="2024-04-05T08:51:23.321238" elapsed="0.495478"/>
</kw>
<kw name="Redirect to CartoonPage" owner="RedirectCartoonPage">
<kw name="Wait Until Page Contains Element" owner="SeleniumLibrary">
<arg>xpath=//div[@class='dn db-lg rel z-2']//li[3]//a[1]</arg>
<arg>5s</arg>
<doc>Waits until the element ``locator`` appears on the current page.</doc>
<status status="PASS" start="2024-04-05T08:51:23.817717" elapsed="0.009008"/>
</kw>
<kw name="Click Element" owner="SeleniumLibrary">
<msg time="2024-04-05T08:51:23.826725" level="INFO">Clicking element 'xpath=//div[@class='dn db-lg rel z-2']//li[3]//a[1]'.</msg>
<arg>xpath=//div[@class='dn db-lg rel z-2']//li[3]//a[1]</arg>
<doc>Click the element identified by ``locator``.</doc>
<status status="PASS" start="2024-04-05T08:51:23.826725" elapsed="5.172361"/>
</kw>
<status status="PASS" start="2024-04-05T08:51:23.816716" elapsed="5.183371"/>
</kw>
<kw name="Get Book Titles In First Row" owner="QueryBook">
<kw name="Get WebElements" owner="SeleniumLibrary">
<msg time="2024-04-05T08:51:29.010096" level="INFO">@{bookTitles} = [ &lt;selenium.webdriver.remote.webelement.WebElement (session="b00c217f182b74197dd651ecfc8fcc06", element="02B682D33124E6A462172EF489675403_element_284")&gt; | &lt;selenium.webdriver.remote.webelement.WebElem...</msg>
<var>@{bookTitles}</var>
<arg>xpath=//div[@class='space overflow-hide'][1]//h5[@class='detail-title']</arg>
<doc>Returns a list of WebElement objects matching the ``locator``.</doc>
<status status="PASS" start="2024-04-05T08:51:29.000087" elapsed="0.010009"/>
</kw>
<kw name="Set Variable" owner="BuiltIn">
<msg time="2024-04-05T08:51:29.011097" level="INFO">${maxLoop} = 5</msg>
<var>${maxLoop}</var>
<arg>${5}</arg>
<doc>Returns the given values which can then be assigned to a variables.</doc>
<status status="PASS" start="2024-04-05T08:51:29.010096" elapsed="0.001001"/>
</kw>
<for flavor="IN RANGE">
<iter>
<kw name="Set Variable" owner="BuiltIn">
<msg time="2024-04-05T08:51:29.011097" level="INFO">${book} = &lt;selenium.webdriver.remote.webelement.WebElement (session="b00c217f182b74197dd651ecfc8fcc06", element="02B682D33124E6A462172EF489675403_element_284")&gt;</msg>
<var>${book}</var>
<arg>${bookTitles}[${Index}]</arg>
<doc>Returns the given values which can then be assigned to a variables.</doc>
<status status="PASS" start="2024-04-05T08:51:29.011097" elapsed="0.000000"/>
</kw>
<kw name="Get Text" owner="SeleniumLibrary">
<msg time="2024-04-05T08:51:29.021106" level="INFO">${bookTitle} = มหาศึกคนชนคน เล่ม 3</msg>
<var>${bookTitle}</var>
<arg>${book}</arg>
<doc>Returns the text value of the element identified by ``locator``.</doc>
<status status="PASS" start="2024-04-05T08:51:29.011097" elapsed="0.010009"/>
</kw>
<kw name="Log" owner="BuiltIn">
<msg time="2024-04-05T08:51:29.022107" level="INFO">มหาศึกคนชนคน เล่ม 3</msg>
<arg>${bookTitle}</arg>
<doc>Logs the given message with the given level.</doc>
<status status="PASS" start="2024-04-05T08:51:29.021106" elapsed="0.001001"/>
</kw>
<kw name="Append To List" owner="Collections">
<arg>${globalBookTitles}</arg>
<arg>${bookTitle}</arg>
<doc>Adds ``values`` to the end of ``list``.</doc>
<status status="PASS" start="2024-04-05T08:51:29.022107" elapsed="0.000000"/>
</kw>
<var name="${index}">0</var>
<status status="PASS" start="2024-04-05T08:51:29.011097" elapsed="0.011010"/>
</iter>
<iter>
<kw name="Set Variable" owner="BuiltIn">
<msg time="2024-04-05T08:51:29.022107" level="INFO">${book} = &lt;selenium.webdriver.remote.webelement.WebElement (session="b00c217f182b74197dd651ecfc8fcc06", element="02B682D33124E6A462172EF489675403_element_285")&gt;</msg>
<var>${book}</var>
<arg>${bookTitles}[${Index}]</arg>
<doc>Returns the given values which can then be assigned to a variables.</doc>
<status status="PASS" start="2024-04-05T08:51:29.022107" elapsed="0.000000"/>
</kw>
<kw name="Get Text" owner="SeleniumLibrary">
<msg time="2024-04-05T08:51:29.027111" level="INFO">${bookTitle} = [จัดส่ง20มิ.ย..67](BOXSET) Boruto โบรุโตะ เล่ม 20</msg>
<var>${bookTitle}</var>
<arg>${book}</arg>
<doc>Returns the text value of the element identified by ``locator``.</doc>
<status status="PASS" start="2024-04-05T08:51:29.022107" elapsed="0.005004"/>
</kw>
<kw name="Log" owner="BuiltIn">
<msg time="2024-04-05T08:51:29.028112" level="INFO">[จัดส่ง20มิ.ย..67](BOXSET) Boruto โบรุโตะ เล่ม 20</msg>
<arg>${bookTitle}</arg>
<doc>Logs the given message with the given level.</doc>
<status status="PASS" start="2024-04-05T08:51:29.028112" elapsed="0.000000"/>
</kw>
<kw name="Append To List" owner="Collections">
<arg>${globalBookTitles}</arg>
<arg>${bookTitle}</arg>
<doc>Adds ``values`` to the end of ``list``.</doc>
<status status="PASS" start="2024-04-05T08:51:29.028112" elapsed="0.000000"/>
</kw>
<var name="${index}">1</var>
<status status="PASS" start="2024-04-05T08:51:29.022107" elapsed="0.006005"/>
</iter>
<iter>
<kw name="Set Variable" owner="BuiltIn">
<msg time="2024-04-05T08:51:29.028112" level="INFO">${book} = &lt;selenium.webdriver.remote.webelement.WebElement (session="b00c217f182b74197dd651ecfc8fcc06", element="02B682D33124E6A462172EF489675403_element_286")&gt;</msg>
<var>${book}</var>
<arg>${bookTitles}[${Index}]</arg>
<doc>Returns the given values which can then be assigned to a variables.</doc>
<status status="PASS" start="2024-04-05T08:51:29.028112" elapsed="0.000000"/>
</kw>
<kw name="Get Text" owner="SeleniumLibrary">
<msg time="2024-04-05T08:51:29.033117" level="INFO">${bookTitle} = [จัดส่ง18เม.ย.67](BOXSET No.2) NARUTO นินจาคาถา โอ้โฮเฮะ เล่ม 19 - 36</msg>
<var>${bookTitle}</var>
<arg>${book}</arg>
<doc>Returns the text value of the element identified by ``locator``.</doc>
<status status="PASS" start="2024-04-05T08:51:29.028112" elapsed="0.005005"/>
</kw>
<kw name="Log" owner="BuiltIn">
<msg time="2024-04-05T08:51:29.034117" level="INFO">[จัดส่ง18เม.ย.67](BOXSET No.2) NARUTO นินจาคาถา โอ้โฮเฮะ เล่ม 19 - 36</msg>
<arg>${bookTitle}</arg>
<doc>Logs the given message with the given level.</doc>
<status status="PASS" start="2024-04-05T08:51:29.034117" elapsed="0.000000"/>
</kw>
<kw name="Append To List" owner="Collections">
<arg>${globalBookTitles}</arg>
<arg>${bookTitle}</arg>
<doc>Adds ``values`` to the end of ``list``.</doc>
<status status="PASS" start="2024-04-05T08:51:29.034117" elapsed="0.000000"/>
</kw>
<var name="${index}">2</var>
<status status="PASS" start="2024-04-05T08:51:29.028112" elapsed="0.006005"/>
</iter>
<iter>
<kw name="Set Variable" owner="BuiltIn">
<msg time="2024-04-05T08:51:29.034117" level="INFO">${book} = &lt;selenium.webdriver.remote.webelement.WebElement (session="b00c217f182b74197dd651ecfc8fcc06", element="02B682D33124E6A462172EF489675403_element_287")&gt;</msg>
<var>${book}</var>
<arg>${bookTitles}[${Index}]</arg>
<doc>Returns the given values which can then be assigned to a variables.</doc>
<status status="PASS" start="2024-04-05T08:51:29.034117" elapsed="0.000000"/>
</kw>
<kw name="Get Text" owner="SeleniumLibrary">
<msg time="2024-04-05T08:51:29.039123" level="INFO">${bookTitle} = [จัดส่ง18เม.ย.67](BOXSET No.1) NARUTO นินจาคาถา โอ้โฮเฮะ เล่ม 1 - 18</msg>
<var>${bookTitle}</var>
<arg>${book}</arg>
<doc>Returns the text value of the element identified by ``locator``.</doc>
<status status="PASS" start="2024-04-05T08:51:29.035118" elapsed="0.004005"/>
</kw>
<kw name="Log" owner="BuiltIn">
<msg time="2024-04-05T08:51:29.039123" level="INFO">[จัดส่ง18เม.ย.67](BOXSET No.1) NARUTO นินจาคาถา โอ้โฮเฮะ เล่ม 1 - 18</msg>
<arg>${bookTitle}</arg>
<doc>Logs the given message with the given level.</doc>
<status status="PASS" start="2024-04-05T08:51:29.039123" elapsed="0.000000"/>
</kw>
<kw name="Append To List" owner="Collections">
<arg>${globalBookTitles}</arg>
<arg>${bookTitle}</arg>
<doc>Adds ``values`` to the end of ``list``.</doc>
<status status="PASS" start="2024-04-05T08:51:29.039123" elapsed="0.001001"/>
</kw>
<var name="${index}">3</var>
<status status="PASS" start="2024-04-05T08:51:29.034117" elapsed="0.006007"/>
</iter>
<iter>
<kw name="Set Variable" owner="BuiltIn">
<msg time="2024-04-05T08:51:29.040124" level="INFO">${book} = &lt;selenium.webdriver.remote.webelement.WebElement (session="b00c217f182b74197dd651ecfc8fcc06", element="02B682D33124E6A462172EF489675403_element_288")&gt;</msg>
<var>${book}</var>
<arg>${bookTitles}[${Index}]</arg>
<doc>Returns the given values which can then be assigned to a variables.</doc>
<status status="PASS" start="2024-04-05T08:51:29.040124" elapsed="0.000000"/>
</kw>
<kw name="Get Text" owner="SeleniumLibrary">
<msg time="2024-04-05T08:51:29.044127" level="INFO">${bookTitle} = คืนนี้พี่ขอดูด เล่ม 4 [Limited Edition]</msg>
<var>${bookTitle}</var>
<arg>${book}</arg>
<doc>Returns the text value of the element identified by ``locator``.</doc>
<status status="PASS" start="2024-04-05T08:51:29.040124" elapsed="0.004003"/>
</kw>
<kw name="Log" owner="BuiltIn">
<msg time="2024-04-05T08:51:29.045127" level="INFO">คืนนี้พี่ขอดูด เล่ม 4 [Limited Edition]</msg>
<arg>${bookTitle}</arg>
<doc>Logs the given message with the given level.</doc>
<status status="PASS" start="2024-04-05T08:51:29.045127" elapsed="0.000000"/>
</kw>
<kw name="Append To List" owner="Collections">
<arg>${globalBookTitles}</arg>
<arg>${bookTitle}</arg>
<doc>Adds ``values`` to the end of ``list``.</doc>
<status status="PASS" start="2024-04-05T08:51:29.045127" elapsed="0.000000"/>
</kw>
<var name="${index}">4</var>
<status status="PASS" start="2024-04-05T08:51:29.040124" elapsed="0.005003"/>
</iter>
<var>${index}</var>
<value>0</value>
<value>${maxLoop}</value>
<status status="PASS" start="2024-04-05T08:51:29.011097" elapsed="0.034030"/>
</for>
<kw name="Sort List" owner="Collections">
<arg>${globalBookTitles}</arg>
<doc>Sorts the given list in place.</doc>
<status status="PASS" start="2024-04-05T08:51:29.045127" elapsed="0.000000"/>
</kw>
<kw name="Log" owner="BuiltIn">
<msg time="2024-04-05T08:51:29.046129" level="INFO">['[จัดส่ง18เม.ย.67](BOXSET No.1) NARUTO นินจาคาถา โอ้โฮเฮะ เล่ม 1 - 18', '[จัดส่ง18เม.ย.67](BOXSET No.2) NARUTO นินจาคาถา โอ้โฮเฮะ เล่ม 19 - 36', '[จัดส่ง20มิ.ย..67](BOXSET) Boruto โบรุโตะ เล่ม 20', 'คืนนี้พี่ขอดูด เล่ม 4 [Limited Edition]', 'มหาศึกคนชนคน เล่ม 3']</msg>
<arg>${globalBookTitles}</arg>
<doc>Logs the given message with the given level.</doc>
<status status="PASS" start="2024-04-05T08:51:29.046129" elapsed="0.000000"/>
</kw>
<status status="PASS" start="2024-04-05T08:51:29.000087" elapsed="0.046042"/>
</kw>
<kw name="Add Book of First Row To Cart" owner="AddToCart">
<kw name="Wait Until Page Contains Element" owner="SeleniumLibrary">
<arg>xpath=//form[@name='QuickCartRequestForm']</arg>
<arg>5s</arg>
<doc>Waits until the element ``locator`` appears on the current page.</doc>
<status status="PASS" start="2024-04-05T08:51:29.046129" elapsed="0.008007"/>
</kw>
<kw name="Get WebElements" owner="SeleniumLibrary">
<msg time="2024-04-05T08:51:29.059140" level="INFO">@{forms} = [ &lt;selenium.webdriver.remote.webelement.WebElement (session="b00c217f182b74197dd651ecfc8fcc06", element="02B682D33124E6A462172EF489675403_element_309")&gt; | &lt;selenium.webdriver.remote.webelement.WebElem...</msg>
<var>@{forms}</var>
<arg>xpath=//form[@name='QuickCartRequestForm']</arg>
<doc>Returns a list of WebElement objects matching the ``locator``.</doc>
<status status="PASS" start="2024-04-05T08:51:29.054136" elapsed="0.005004"/>
</kw>
<kw name="Set Variable" owner="BuiltIn">
<msg time="2024-04-05T08:51:29.060142" level="INFO">${maxClicks} = 5</msg>
<var>${maxClicks}</var>
<arg>5</arg>
<doc>Returns the given values which can then be assigned to a variables.</doc>
<status status="PASS" start="2024-04-05T08:51:29.060142" elapsed="0.000000"/>
</kw>
<for flavor="IN RANGE">
<iter>
<kw name="Click Element" owner="SeleniumLibrary">
<msg time="2024-04-05T08:51:29.060142" level="INFO">Clicking element '&lt;selenium.webdriver.remote.webelement.WebElement (session="b00c217f182b74197dd651ecfc8fcc06", element="02B682D33124E6A462172EF489675403_element_309")&gt;'.</msg>
<arg>${forms}[${index}]</arg>
<doc>Click the element identified by ``locator``.</doc>
<status status="PASS" start="2024-04-05T08:51:29.060142" elapsed="0.052091"/>
</kw>
<kw name="Sleep" owner="BuiltIn">
<msg time="2024-04-05T08:51:31.114086" level="INFO">Slept 2 seconds.</msg>
<arg>2s</arg>
<doc>Pauses the test executed for the given time.</doc>
<status status="PASS" start="2024-04-05T08:51:29.112233" elapsed="2.001853"/>
</kw>
<var name="${index}">0</var>
<status status="PASS" start="2024-04-05T08:51:29.060142" elapsed="2.053944"/>
</iter>
<iter>
<kw name="Click Element" owner="SeleniumLibrary">
<msg time="2024-04-05T08:51:31.114086" level="INFO">Clicking element '&lt;selenium.webdriver.remote.webelement.WebElement (session="b00c217f182b74197dd651ecfc8fcc06", element="02B682D33124E6A462172EF489675403_element_310")&gt;'.</msg>
<arg>${forms}[${index}]</arg>
<doc>Click the element identified by ``locator``.</doc>
<status status="PASS" start="2024-04-05T08:51:31.114086" elapsed="0.034031"/>
</kw>
<kw name="Sleep" owner="BuiltIn">
<msg time="2024-04-05T08:51:33.149514" level="INFO">Slept 2 seconds.</msg>
<arg>2s</arg>
<doc>Pauses the test executed for the given time.</doc>
<status status="PASS" start="2024-04-05T08:51:31.148117" elapsed="2.001397"/>
</kw>
<var name="${index}">1</var>
<status status="PASS" start="2024-04-05T08:51:31.114086" elapsed="2.035428"/>
</iter>
<iter>
<kw name="Click Element" owner="SeleniumLibrary">
<msg time="2024-04-05T08:51:33.149514" level="INFO">Clicking element '&lt;selenium.webdriver.remote.webelement.WebElement (session="b00c217f182b74197dd651ecfc8fcc06", element="02B682D33124E6A462172EF489675403_element_311")&gt;'.</msg>
<arg>${forms}[${index}]</arg>
<doc>Click the element identified by ``locator``.</doc>
<status status="PASS" start="2024-04-05T08:51:33.149514" elapsed="0.026025"/>
</kw>
<kw name="Sleep" owner="BuiltIn">
<msg time="2024-04-05T08:51:35.177086" level="INFO">Slept 2 seconds.</msg>
<arg>2s</arg>
<doc>Pauses the test executed for the given time.</doc>
<status status="PASS" start="2024-04-05T08:51:33.176539" elapsed="2.000547"/>
</kw>
<var name="${index}">2</var>
<status status="PASS" start="2024-04-05T08:51:33.149514" elapsed="2.027572"/>
</iter>
<iter>
<kw name="Click Element" owner="SeleniumLibrary">
<msg time="2024-04-05T08:51:35.177086" level="INFO">Clicking element '&lt;selenium.webdriver.remote.webelement.WebElement (session="b00c217f182b74197dd651ecfc8fcc06", element="02B682D33124E6A462172EF489675403_element_312")&gt;'.</msg>
<arg>${forms}[${index}]</arg>
<doc>Click the element identified by ``locator``.</doc>
<status status="PASS" start="2024-04-05T08:51:35.177086" elapsed="0.026021"/>
</kw>
<kw name="Sleep" owner="BuiltIn">
<msg time="2024-04-05T08:51:37.204281" level="INFO">Slept 2 seconds.</msg>
<arg>2s</arg>
<doc>Pauses the test executed for the given time.</doc>
<status status="PASS" start="2024-04-05T08:51:35.203107" elapsed="2.001174"/>
</kw>
<var name="${index}">3</var>
<status status="PASS" start="2024-04-05T08:51:35.177086" elapsed="2.027195"/>
</iter>
<iter>
<kw name="Click Element" owner="SeleniumLibrary">
<msg time="2024-04-05T08:51:37.204281" level="INFO">Clicking element '&lt;selenium.webdriver.remote.webelement.WebElement (session="b00c217f182b74197dd651ecfc8fcc06", element="02B682D33124E6A462172EF489675403_element_313")&gt;'.</msg>
<arg>${forms}[${index}]</arg>
<doc>Click the element identified by ``locator``.</doc>
<status status="PASS" start="2024-04-05T08:51:37.204281" elapsed="0.025019"/>
</kw>
<kw name="Sleep" owner="BuiltIn">
<msg time="2024-04-05T08:51:39.230609" level="INFO">Slept 2 seconds.</msg>
<arg>2s</arg>
<doc>Pauses the test executed for the given time.</doc>
<status status="PASS" start="2024-04-05T08:51:37.230302" elapsed="2.000307"/>
</kw>
<var name="${index}">4</var>
<status status="PASS" start="2024-04-05T08:51:37.204281" elapsed="2.026328"/>
</iter>
<var>${index}</var>
<value>0</value>
<value>${maxClicks}</value>
<status status="PASS" start="2024-04-05T08:51:29.060142" elapsed="10.170467"/>
</for>
<status status="PASS" start="2024-04-05T08:51:29.046129" elapsed="10.184480"/>
</kw>
<kw name="Redirect to CartPage" owner="RedirectCartPage">
<kw name="Wait Until Page Contains Element" owner="SeleniumLibrary">
<arg>xpath=//a[@href='https://www.nejavu.com/cart']</arg>
<arg>5s</arg>
<doc>Waits until the element ``locator`` appears on the current page.</doc>
<status status="PASS" start="2024-04-05T08:51:39.231610" elapsed="0.009008"/>
</kw>
<kw name="Click Element" owner="SeleniumLibrary">
<msg time="2024-04-05T08:51:39.240618" level="INFO">Clicking element 'xpath=//a[@href='https://www.nejavu.com/cart']'.</msg>
<arg>xpath=//a[@href='https://www.nejavu.com/cart']</arg>
<doc>Click the element identified by ``locator``.</doc>
<status status="PASS" start="2024-04-05T08:51:39.240618" elapsed="0.786389"/>
</kw>
<status status="PASS" start="2024-04-05T08:51:39.230609" elapsed="0.796398"/>
</kw>
<kw name="Get Book Title In Cart" owner="GetBookInCart">
<kw name="Log" owner="BuiltIn">
<msg time="2024-04-05T08:51:40.028007" level="INFO">['[จัดส่ง18เม.ย.67](BOXSET No.1) NARUTO นินจาคาถา โอ้โฮเฮะ เล่ม 1 - 18', '[จัดส่ง18เม.ย.67](BOXSET No.2) NARUTO นินจาคาถา โอ้โฮเฮะ เล่ม 19 - 36', '[จัดส่ง20มิ.ย..67](BOXSET) Boruto โบรุโตะ เล่ม 20', 'คืนนี้พี่ขอดูด เล่ม 4 [Limited Edition]', 'มหาศึกคนชนคน เล่ม 3']</msg>
<arg>${globalBookTitles}</arg>
<doc>Logs the given message with the given level.</doc>
<status status="PASS" start="2024-04-05T08:51:40.028007" elapsed="0.000000"/>
</kw>
<kw name="Get WebElements" owner="SeleniumLibrary">
<msg time="2024-04-05T08:51:40.036014" level="INFO">${BookTitleInCart} = [&lt;selenium.webdriver.remote.webelement.WebElement (session="b00c217f182b74197dd651ecfc8fcc06", element="330419D054D6A38C3FBB4DE84F9014DC_element_409")&gt;, &lt;selenium.webdriver.remote.webelement.WebElemen...</msg>
<var>${BookTitleInCart}</var>
<arg>xpath=//div[@class='cart-item-detail']/p[not(@class)]//strong</arg>
<doc>Returns a list of WebElement objects matching the ``locator``.</doc>
<status status="PASS" start="2024-04-05T08:51:40.028007" elapsed="0.008007"/>
</kw>
<kw name="Set Variable" owner="BuiltIn">
<msg time="2024-04-05T08:51:40.036014" level="INFO">${maxLoop} = 5</msg>
<var>${maxLoop}</var>
<arg>${5}</arg>
<doc>Returns the given values which can then be assigned to a variables.</doc>
<status status="PASS" start="2024-04-05T08:51:40.036014" elapsed="0.000000"/>
</kw>
<kw name="Create List" owner="BuiltIn">
<msg time="2024-04-05T08:51:40.036014" level="INFO">${listBook} = []</msg>
<var>${listBook}</var>
<doc>Returns a list containing given items.</doc>
<status status="PASS" start="2024-04-05T08:51:40.036014" elapsed="0.000000"/>
</kw>
<for flavor="IN RANGE">
<iter>
<kw name="Set Variable" owner="BuiltIn">
<msg time="2024-04-05T08:51:40.037015" level="INFO">${book} = &lt;selenium.webdriver.remote.webelement.WebElement (session="b00c217f182b74197dd651ecfc8fcc06", element="330419D054D6A38C3FBB4DE84F9014DC_element_409")&gt;</msg>
<var>${book}</var>
<arg>${BookTitleInCart}[${Index}]</arg>
<doc>Returns the given values which can then be assigned to a variables.</doc>
<status status="PASS" start="2024-04-05T08:51:40.037015" elapsed="0.000000"/>
</kw>
<kw name="Get Text" owner="SeleniumLibrary">
<msg time="2024-04-05T08:51:40.042019" level="INFO">${acturlBook} = [จัดส่ง20มิ.ย..67](BOXSET) Boruto โบรุโตะ เล่ม 20</msg>
<var>${acturlBook}</var>
<arg>${book}</arg>
<doc>Returns the text value of the element identified by ``locator``.</doc>
<status status="PASS" start="2024-04-05T08:51:40.037015" elapsed="0.005004"/>
</kw>
<kw name="Log" owner="BuiltIn">
<msg time="2024-04-05T08:51:40.042019" level="INFO">[จัดส่ง20มิ.ย..67](BOXSET) Boruto โบรุโตะ เล่ม 20</msg>
<arg>${acturlBook}</arg>
<doc>Logs the given message with the given level.</doc>
<status status="PASS" start="2024-04-05T08:51:40.042019" elapsed="0.001002"/>
</kw>
<kw name="Append To List" owner="Collections">
<arg>${listBook}</arg>
<arg>${acturlBook}</arg>
<doc>Adds ``values`` to the end of ``list``.</doc>
<status status="PASS" start="2024-04-05T08:51:40.043021" elapsed="0.000000"/>
</kw>
<var name="${index}">0</var>
<status status="PASS" start="2024-04-05T08:51:40.037015" elapsed="0.006006"/>
</iter>
<iter>
<kw name="Set Variable" owner="BuiltIn">
<msg time="2024-04-05T08:51:40.043021" level="INFO">${book} = &lt;selenium.webdriver.remote.webelement.WebElement (session="b00c217f182b74197dd651ecfc8fcc06", element="330419D054D6A38C3FBB4DE84F9014DC_element_410")&gt;</msg>
<var>${book}</var>
<arg>${BookTitleInCart}[${Index}]</arg>
<doc>Returns the given values which can then be assigned to a variables.</doc>
<status status="PASS" start="2024-04-05T08:51:40.043021" elapsed="0.000000"/>
</kw>
<kw name="Get Text" owner="SeleniumLibrary">
<msg time="2024-04-05T08:51:40.049026" level="INFO">${acturlBook} = [จัดส่ง18เม.ย.67](BOXSET No.2) NARUTO นินจาคาถา โอ้โฮเฮะ เล่ม 19 - 36</msg>
<var>${acturlBook}</var>
<arg>${book}</arg>
<doc>Returns the text value of the element identified by ``locator``.</doc>
<status status="PASS" start="2024-04-05T08:51:40.043021" elapsed="0.006005"/>
</kw>
<kw name="Log" owner="BuiltIn">
<msg time="2024-04-05T08:51:40.049026" level="INFO">[จัดส่ง18เม.ย.67](BOXSET No.2) NARUTO นินจาคาถา โอ้โฮเฮะ เล่ม 19 - 36</msg>
<arg>${acturlBook}</arg>
<doc>Logs the given message with the given level.</doc>
<status status="PASS" start="2024-04-05T08:51:40.049026" elapsed="0.000000"/>
</kw>
<kw name="Append To List" owner="Collections">
<arg>${listBook}</arg>
<arg>${acturlBook}</arg>
<doc>Adds ``values`` to the end of ``list``.</doc>
<status status="PASS" start="2024-04-05T08:51:40.049026" elapsed="0.000000"/>
</kw>
<var name="${index}">1</var>
<status status="PASS" start="2024-04-05T08:51:40.043021" elapsed="0.006005"/>
</iter>
<iter>
<kw name="Set Variable" owner="BuiltIn">
<msg time="2024-04-05T08:51:40.050027" level="INFO">${book} = &lt;selenium.webdriver.remote.webelement.WebElement (session="b00c217f182b74197dd651ecfc8fcc06", element="330419D054D6A38C3FBB4DE84F9014DC_element_411")&gt;</msg>
<var>${book}</var>
<arg>${BookTitleInCart}[${Index}]</arg>
<doc>Returns the given values which can then be assigned to a variables.</doc>
<status status="PASS" start="2024-04-05T08:51:40.049026" elapsed="0.001001"/>
</kw>
<kw name="Get Text" owner="SeleniumLibrary">
<msg time="2024-04-05T08:51:40.057034" level="INFO">${acturlBook} = [จัดส่ง18เม.ย.67](BOXSET No.1) NARUTO นินจาคาถา โอ้โฮเฮะ เล่ม 1 - 18</msg>
<var>${acturlBook}</var>
<arg>${book}</arg>
<doc>Returns the text value of the element identified by ``locator``.</doc>
<status status="PASS" start="2024-04-05T08:51:40.050027" elapsed="0.007007"/>
</kw>
<kw name="Log" owner="BuiltIn">
<msg time="2024-04-05T08:51:40.058034" level="INFO">[จัดส่ง18เม.ย.67](BOXSET No.1) NARUTO นินจาคาถา โอ้โฮเฮะ เล่ม 1 - 18</msg>
<arg>${acturlBook}</arg>
<doc>Logs the given message with the given level.</doc>
<status status="PASS" start="2024-04-05T08:51:40.058034" elapsed="0.000000"/>
</kw>
<kw name="Append To List" owner="Collections">
<arg>${listBook}</arg>
<arg>${acturlBook}</arg>
<doc>Adds ``values`` to the end of ``list``.</doc>
<status status="PASS" start="2024-04-05T08:51:40.058034" elapsed="0.000000"/>
</kw>
<var name="${index}">2</var>
<status status="PASS" start="2024-04-05T08:51:40.049026" elapsed="0.009008"/>
</iter>
<iter>
<kw name="Set Variable" owner="BuiltIn">
<msg time="2024-04-05T08:51:40.059036" level="INFO">${book} = &lt;selenium.webdriver.remote.webelement.WebElement (session="b00c217f182b74197dd651ecfc8fcc06", element="330419D054D6A38C3FBB4DE84F9014DC_element_412")&gt;</msg>
<var>${book}</var>
<arg>${BookTitleInCart}[${Index}]</arg>
<doc>Returns the given values which can then be assigned to a variables.</doc>
<status status="PASS" start="2024-04-05T08:51:40.059036" elapsed="0.000000"/>
</kw>
<kw name="Get Text" owner="SeleniumLibrary">
<msg time="2024-04-05T08:51:40.065041" level="INFO">${acturlBook} = มหาศึกคนชนคน เล่ม 3</msg>
<var>${acturlBook}</var>
<arg>${book}</arg>
<doc>Returns the text value of the element identified by ``locator``.</doc>
<status status="PASS" start="2024-04-05T08:51:40.059036" elapsed="0.006005"/>
</kw>
<kw name="Log" owner="BuiltIn">
<msg time="2024-04-05T08:51:40.065041" level="INFO">มหาศึกคนชนคน เล่ม 3</msg>
<arg>${acturlBook}</arg>
<doc>Logs the given message with the given level.</doc>
<status status="PASS" start="2024-04-05T08:51:40.065041" elapsed="0.000000"/>
</kw>
<kw name="Append To List" owner="Collections">
<arg>${listBook}</arg>
<arg>${acturlBook}</arg>
<doc>Adds ``values`` to the end of ``list``.</doc>
<status status="PASS" start="2024-04-05T08:51:40.065041" elapsed="0.000000"/>
</kw>
<var name="${index}">3</var>
<status status="PASS" start="2024-04-05T08:51:40.058034" elapsed="0.007007"/>
</iter>
<iter>
<kw name="Set Variable" owner="BuiltIn">
<msg time="2024-04-05T08:51:40.065041" level="INFO">${book} = &lt;selenium.webdriver.remote.webelement.WebElement (session="b00c217f182b74197dd651ecfc8fcc06", element="330419D054D6A38C3FBB4DE84F9014DC_element_413")&gt;</msg>
<var>${book}</var>
<arg>${BookTitleInCart}[${Index}]</arg>
<doc>Returns the given values which can then be assigned to a variables.</doc>
<status status="PASS" start="2024-04-05T08:51:40.065041" elapsed="0.000000"/>
</kw>
<kw name="Get Text" owner="SeleniumLibrary">
<msg time="2024-04-05T08:51:40.071046" level="INFO">${acturlBook} = คืนนี้พี่ขอดูด เล่ม 4 [Limited Edition]</msg>
<var>${acturlBook}</var>
<arg>${book}</arg>
<doc>Returns the text value of the element identified by ``locator``.</doc>
<status status="PASS" start="2024-04-05T08:51:40.066041" elapsed="0.005005"/>
</kw>
<kw name="Log" owner="BuiltIn">
<msg time="2024-04-05T08:51:40.071046" level="INFO">คืนนี้พี่ขอดูด เล่ม 4 [Limited Edition]</msg>
<arg>${acturlBook}</arg>
<doc>Logs the given message with the given level.</doc>
<status status="PASS" start="2024-04-05T08:51:40.071046" elapsed="0.000000"/>
</kw>
<kw name="Append To List" owner="Collections">
<arg>${listBook}</arg>
<arg>${acturlBook}</arg>
<doc>Adds ``values`` to the end of ``list``.</doc>
<status status="PASS" start="2024-04-05T08:51:40.071046" elapsed="0.000000"/>
</kw>
<var name="${index}">4</var>
<status status="PASS" start="2024-04-05T08:51:40.065041" elapsed="0.006005"/>
</iter>
<var>${index}</var>
<value>0</value>
<value>${maxLoop}</value>
<status status="PASS" start="2024-04-05T08:51:40.036014" elapsed="0.035032"/>
</for>
<kw name="Sort List" owner="Collections">
<arg>${listBook}</arg>
<doc>Sorts the given list in place.</doc>
<status status="PASS" start="2024-04-05T08:51:40.071046" elapsed="0.001001"/>
</kw>
<kw name="Log" owner="BuiltIn">
<msg time="2024-04-05T08:51:40.072047" level="INFO">['[จัดส่ง18เม.ย.67](BOXSET No.1) NARUTO นินจาคาถา โอ้โฮเฮะ เล่ม 1 - 18', '[จัดส่ง18เม.ย.67](BOXSET No.2) NARUTO นินจาคาถา โอ้โฮเฮะ เล่ม 19 - 36', '[จัดส่ง20มิ.ย..67](BOXSET) Boruto โบรุโตะ เล่ม 20', 'คืนนี้พี่ขอดูด เล่ม 4 [Limited Edition]', 'มหาศึกคนชนคน เล่ม 3']</msg>
<arg>${listBook}</arg>
<doc>Logs the given message with the given level.</doc>
<status status="PASS" start="2024-04-05T08:51:40.072047" elapsed="0.000000"/>
</kw>
<kw name="Should Be Equal" owner="BuiltIn">
<arg>${listBook}</arg>
<arg>${globalBookTitles}</arg>
<doc>Fails if the given objects are unequal.</doc>
<status status="PASS" start="2024-04-05T08:51:40.072047" elapsed="0.000000"/>
</kw>
<status status="PASS" start="2024-04-05T08:51:40.028007" elapsed="0.044040"/>
</kw>
<kw name="Delete Books In Cart" owner="DeleteBookInCart">
<kw name="Get Element Count" owner="SeleniumLibrary">
<msg time="2024-04-05T08:51:40.081055" level="INFO">${itemsCount} = 5</msg>
<var>${itemsCount}</var>
<arg>xpath=//a[@class='delete-item']</arg>
<doc>Returns the number of elements matching ``locator``.</doc>
<status status="PASS" start="2024-04-05T08:51:40.073048" elapsed="0.008007"/>
</kw>
<for flavor="IN RANGE">
<iter>
<kw name="Get WebElements" owner="SeleniumLibrary">
<msg time="2024-04-05T08:51:40.088062" level="INFO">${deleteButtons} = [&lt;selenium.webdriver.remote.webelement.WebElement (session="b00c217f182b74197dd651ecfc8fcc06", element="330419D054D6A38C3FBB4DE84F9014DC_element_414")&gt;, &lt;selenium.webdriver.remote.webelement.WebElemen...</msg>
<var>${deleteButtons}</var>
<arg>xpath=//a[@class='delete-item']</arg>
<doc>Returns a list of WebElement objects matching the ``locator``.</doc>
<status status="PASS" start="2024-04-05T08:51:40.082056" elapsed="0.006006"/>
</kw>
<kw name="Click Element" owner="SeleniumLibrary">
<msg time="2024-04-05T08:51:40.089063" level="INFO">Clicking element '&lt;selenium.webdriver.remote.webelement.WebElement (session="b00c217f182b74197dd651ecfc8fcc06", element="330419D054D6A38C3FBB4DE84F9014DC_element_414")&gt;'.</msg>
<arg>${deleteButtons}[0]</arg>
<doc>Click the element identified by ``locator``.</doc>
<status status="PASS" start="2024-04-05T08:51:40.088062" elapsed="0.035032"/>
</kw>
<kw name="Wait Until Element Is Visible" owner="SeleniumLibrary">
<arg>xpath=//button[contains(text(),'ใช่ ลบรายการ')]</arg>
<arg>5s</arg>
<doc>Waits until the element ``locator`` is visible.</doc>
<status status="PASS" start="2024-04-05T08:51:40.123094" elapsed="0.230208"/>
</kw>
<kw name="Click Element" owner="SeleniumLibrary">
<msg time="2024-04-05T08:51:40.353302" level="INFO">Clicking element 'xpath=//button[contains(text(),'ใช่ ลบรายการ')]'.</msg>
<arg>xpath=//button[contains(text(),'ใช่ ลบรายการ')]</arg>
<doc>Click the element identified by ``locator``.</doc>
<status status="PASS" start="2024-04-05T08:51:40.353302" elapsed="0.041038"/>
</kw>
<kw name="Wait Until Element Is Not Visible" owner="SeleniumLibrary">
<arg>xpath=//button[contains(text(),'ใช่ ลบรายการ')]</arg>
<arg>5s</arg>
<doc>Waits until the element ``locator`` is not visible.</doc>
<status status="PASS" start="2024-04-05T08:51:40.394340" elapsed="0.007006"/>
</kw>
<kw name="Sleep" owner="BuiltIn">
<msg time="2024-04-05T08:51:42.402205" level="INFO">Slept 2 seconds.</msg>
<arg>2s</arg>
<doc>Pauses the test executed for the given time.</doc>
<status status="PASS" start="2024-04-05T08:51:40.401346" elapsed="2.000859"/>
</kw>
<var name="${index}">0</var>
<status status="PASS" start="2024-04-05T08:51:40.082056" elapsed="2.320149"/>
</iter>
<iter>
<kw name="Get WebElements" owner="SeleniumLibrary">
<msg time="2024-04-05T08:51:42.407210" level="INFO">${deleteButtons} = [&lt;selenium.webdriver.remote.webelement.WebElement (session="b00c217f182b74197dd651ecfc8fcc06", element="E66A9A5D4755DD52330D07C8FDF62DCE_element_482")&gt;, &lt;selenium.webdriver.remote.webelement.WebElemen...</msg>
<var>${deleteButtons}</var>
<arg>xpath=//a[@class='delete-item']</arg>
<doc>Returns a list of WebElement objects matching the ``locator``.</doc>
<status status="PASS" start="2024-04-05T08:51:42.402205" elapsed="0.005005"/>
</kw>
<kw name="Click Element" owner="SeleniumLibrary">
<msg time="2024-04-05T08:51:42.407210" level="INFO">Clicking element '&lt;selenium.webdriver.remote.webelement.WebElement (session="b00c217f182b74197dd651ecfc8fcc06", element="E66A9A5D4755DD52330D07C8FDF62DCE_element_482")&gt;'.</msg>
<arg>${deleteButtons}[0]</arg>
<doc>Click the element identified by ``locator``.</doc>
<status status="PASS" start="2024-04-05T08:51:42.407210" elapsed="0.021018"/>
</kw>
<kw name="Wait Until Element Is Visible" owner="SeleniumLibrary">
<arg>xpath=//button[contains(text(),'ใช่ ลบรายการ')]</arg>
<arg>5s</arg>
<doc>Waits until the element ``locator`` is visible.</doc>
<status status="PASS" start="2024-04-05T08:51:42.428228" elapsed="0.213424"/>
</kw>
<kw name="Click Element" owner="SeleniumLibrary">
<msg time="2024-04-05T08:51:42.641652" level="INFO">Clicking element 'xpath=//button[contains(text(),'ใช่ ลบรายการ')]'.</msg>
<arg>xpath=//button[contains(text(),'ใช่ ลบรายการ')]</arg>
<doc>Click the element identified by ``locator``.</doc>
<status status="PASS" start="2024-04-05T08:51:42.641652" elapsed="0.033030"/>
</kw>
<kw name="Wait Until Element Is Not Visible" owner="SeleniumLibrary">
<arg>xpath=//button[contains(text(),'ใช่ ลบรายการ')]</arg>
<arg>5s</arg>
<doc>Waits until the element ``locator`` is not visible.</doc>
<status status="PASS" start="2024-04-05T08:51:42.674682" elapsed="0.004003"/>
</kw>
<kw name="Sleep" owner="BuiltIn">
<msg time="2024-04-05T08:51:44.680043" level="INFO">Slept 2 seconds.</msg>
<arg>2s</arg>
<doc>Pauses the test executed for the given time.</doc>
<status status="PASS" start="2024-04-05T08:51:42.679686" elapsed="2.000357"/>
</kw>
<var name="${index}">1</var>
<status status="PASS" start="2024-04-05T08:51:42.402205" elapsed="2.277838"/>
</iter>
<iter>
<kw name="Get WebElements" owner="SeleniumLibrary">
<msg time="2024-04-05T08:51:44.685048" level="INFO">${deleteButtons} = [&lt;selenium.webdriver.remote.webelement.WebElement (session="b00c217f182b74197dd651ecfc8fcc06", element="8660BAA85801190576731A739B1536D5_element_554")&gt;, &lt;selenium.webdriver.remote.webelement.WebElemen...</msg>
<var>${deleteButtons}</var>
<arg>xpath=//a[@class='delete-item']</arg>
<doc>Returns a list of WebElement objects matching the ``locator``.</doc>
<status status="PASS" start="2024-04-05T08:51:44.680043" elapsed="0.005005"/>
</kw>
<kw name="Click Element" owner="SeleniumLibrary">
<msg time="2024-04-05T08:51:44.685048" level="INFO">Clicking element '&lt;selenium.webdriver.remote.webelement.WebElement (session="b00c217f182b74197dd651ecfc8fcc06", element="8660BAA85801190576731A739B1536D5_element_554")&gt;'.</msg>
<arg>${deleteButtons}[0]</arg>
<doc>Click the element identified by ``locator``.</doc>
<status status="PASS" start="2024-04-05T08:51:44.685048" elapsed="0.020019"/>
</kw>
<kw name="Wait Until Element Is Visible" owner="SeleniumLibrary">
<arg>xpath=//button[contains(text(),'ใช่ ลบรายการ')]</arg>
<arg>5s</arg>
<doc>Waits until the element ``locator`` is visible.</doc>
<status status="PASS" start="2024-04-05T08:51:44.705067" elapsed="0.213055"/>
</kw>
<kw name="Click Element" owner="SeleniumLibrary">
<msg time="2024-04-05T08:51:44.918122" level="INFO">Clicking element 'xpath=//button[contains(text(),'ใช่ ลบรายการ')]'.</msg>
<arg>xpath=//button[contains(text(),'ใช่ ลบรายการ')]</arg>
<doc>Click the element identified by ``locator``.</doc>
<status status="PASS" start="2024-04-05T08:51:44.918122" elapsed="0.032029"/>
</kw>
<kw name="Wait Until Element Is Not Visible" owner="SeleniumLibrary">
<arg>xpath=//button[contains(text(),'ใช่ ลบรายการ')]</arg>
<arg>5s</arg>
<doc>Waits until the element ``locator`` is not visible.</doc>
<status status="PASS" start="2024-04-05T08:51:44.950151" elapsed="0.005005"/>
</kw>
<kw name="Sleep" owner="BuiltIn">
<msg time="2024-04-05T08:51:46.955876" level="INFO">Slept 2 seconds.</msg>
<arg>2s</arg>
<doc>Pauses the test executed for the given time.</doc>
<status status="PASS" start="2024-04-05T08:51:44.955156" elapsed="2.000720"/>
</kw>
<var name="${index}">2</var>
<status status="PASS" start="2024-04-05T08:51:44.680043" elapsed="2.275833"/>
</iter>
<iter>
<kw name="Get WebElements" owner="SeleniumLibrary">
<msg time="2024-04-05T08:51:46.960880" level="INFO">${deleteButtons} = [&lt;selenium.webdriver.remote.webelement.WebElement (session="b00c217f182b74197dd651ecfc8fcc06", element="C26F56131D9D4B183610C20983E8F6A8_element_628")&gt;, &lt;selenium.webdriver.remote.webelement.WebElemen...</msg>
<var>${deleteButtons}</var>
<arg>xpath=//a[@class='delete-item']</arg>
<doc>Returns a list of WebElement objects matching the ``locator``.</doc>
<status status="PASS" start="2024-04-05T08:51:46.955876" elapsed="0.005004"/>
</kw>
<kw name="Click Element" owner="SeleniumLibrary">
<msg time="2024-04-05T08:51:46.960880" level="INFO">Clicking element '&lt;selenium.webdriver.remote.webelement.WebElement (session="b00c217f182b74197dd651ecfc8fcc06", element="C26F56131D9D4B183610C20983E8F6A8_element_628")&gt;'.</msg>
<arg>${deleteButtons}[0]</arg>
<doc>Click the element identified by ``locator``.</doc>
<status status="PASS" start="2024-04-05T08:51:46.960880" elapsed="0.021020"/>
</kw>
<kw name="Wait Until Element Is Visible" owner="SeleniumLibrary">
<arg>xpath=//button[contains(text(),'ใช่ ลบรายการ')]</arg>
<arg>5s</arg>
<doc>Waits until the element ``locator`` is visible.</doc>
<status status="PASS" start="2024-04-05T08:51:46.981900" elapsed="0.212478"/>
</kw>
<kw name="Click Element" owner="SeleniumLibrary">
<msg time="2024-04-05T08:51:47.194378" level="INFO">Clicking element 'xpath=//button[contains(text(),'ใช่ ลบรายการ')]'.</msg>
<arg>xpath=//button[contains(text(),'ใช่ ลบรายการ')]</arg>
<doc>Click the element identified by ``locator``.</doc>
<status status="PASS" start="2024-04-05T08:51:47.194378" elapsed="0.030027"/>
</kw>
<kw name="Wait Until Element Is Not Visible" owner="SeleniumLibrary">
<arg>xpath=//button[contains(text(),'ใช่ ลบรายการ')]</arg>
<arg>5s</arg>
<doc>Waits until the element ``locator`` is not visible.</doc>
<status status="PASS" start="2024-04-05T08:51:47.225406" elapsed="0.005005"/>
</kw>
<kw name="Sleep" owner="BuiltIn">
<msg time="2024-04-05T08:51:49.230807" level="INFO">Slept 2 seconds.</msg>
<arg>2s</arg>
<doc>Pauses the test executed for the given time.</doc>
<status status="PASS" start="2024-04-05T08:51:47.230411" elapsed="2.000396"/>
</kw>
<var name="${index}">3</var>
<status status="PASS" start="2024-04-05T08:51:46.955876" elapsed="2.274931"/>
</iter>
<iter>
<kw name="Get WebElements" owner="SeleniumLibrary">
<msg time="2024-04-05T08:51:49.235812" level="INFO">${deleteButtons} = [&lt;selenium.webdriver.remote.webelement.WebElement (session="b00c217f182b74197dd651ecfc8fcc06", element="46BA7CD1B2AD3CC70BFC39846B286A34_element_712")&gt;]</msg>
<var>${deleteButtons}</var>
<arg>xpath=//a[@class='delete-item']</arg>
<doc>Returns a list of WebElement objects matching the ``locator``.</doc>
<status status="PASS" start="2024-04-05T08:51:49.230807" elapsed="0.005005"/>
</kw>
<kw name="Click Element" owner="SeleniumLibrary">
<msg time="2024-04-05T08:51:49.235812" level="INFO">Clicking element '&lt;selenium.webdriver.remote.webelement.WebElement (session="b00c217f182b74197dd651ecfc8fcc06", element="46BA7CD1B2AD3CC70BFC39846B286A34_element_712")&gt;'.</msg>
<arg>${deleteButtons}[0]</arg>
<doc>Click the element identified by ``locator``.</doc>
<status status="PASS" start="2024-04-05T08:51:49.235812" elapsed="0.021019"/>
</kw>
<kw name="Wait Until Element Is Visible" owner="SeleniumLibrary">
<arg>xpath=//button[contains(text(),'ใช่ ลบรายการ')]</arg>
<arg>5s</arg>
<doc>Waits until the element ``locator`` is visible.</doc>
<status status="PASS" start="2024-04-05T08:51:49.256831" elapsed="0.212565"/>
</kw>
<kw name="Click Element" owner="SeleniumLibrary">
<msg time="2024-04-05T08:51:49.470396" level="INFO">Clicking element 'xpath=//button[contains(text(),'ใช่ ลบรายการ')]'.</msg>
<arg>xpath=//button[contains(text(),'ใช่ ลบรายการ')]</arg>
<doc>Click the element identified by ``locator``.</doc>
<status status="PASS" start="2024-04-05T08:51:49.470396" elapsed="0.029026"/>
</kw>
<kw name="Wait Until Element Is Not Visible" owner="SeleniumLibrary">
<arg>xpath=//button[contains(text(),'ใช่ ลบรายการ')]</arg>
<arg>5s</arg>
<doc>Waits until the element ``locator`` is not visible.</doc>
<status status="PASS" start="2024-04-05T08:51:49.499422" elapsed="0.005005"/>
</kw>
<kw name="Sleep" owner="BuiltIn">
<msg time="2024-04-05T08:51:51.504439" level="INFO">Slept 2 seconds.</msg>
<arg>2s</arg>
<doc>Pauses the test executed for the given time.</doc>
<status status="PASS" start="2024-04-05T08:51:49.504427" elapsed="2.000012"/>
</kw>
<var name="${index}">4</var>
<status status="PASS" start="2024-04-05T08:51:49.230807" elapsed="2.273632"/>
</iter>
<var>${index}</var>
<value>${itemsCount}</value>
<status status="PASS" start="2024-04-05T08:51:40.082056" elapsed="11.422383"/>
</for>
<status status="PASS" start="2024-04-05T08:51:40.073048" elapsed="11.431391"/>
</kw>
<kw name="Check Cart To Empty" owner="CheckCartToEmpty">
<kw name="Wait Until Element Is Visible" owner="SeleniumLibrary">
<arg>xpath=//a[@href="https://www.nejavu.com/cart"]//div[text()="0"]</arg>
<arg>5s</arg>
<doc>Waits until the element ``locator`` is visible.</doc>
<status status="PASS" start="2024-04-05T08:51:51.505441" elapsed="0.010009"/>
</kw>
<kw name="Get Text" owner="SeleniumLibrary">
<msg time="2024-04-05T08:51:51.526460" level="INFO">${badgeText} = 0</msg>
<var>${badgeText}</var>
<arg>xpath=//a[@href="https://www.nejavu.com/cart"]//div[text()="0"]</arg>
<doc>Returns the text value of the element identified by ``locator``.</doc>
<status status="PASS" start="2024-04-05T08:51:51.515450" elapsed="0.011010"/>
</kw>
<kw name="Run Keyword If" owner="BuiltIn">
<kw name="Log" owner="BuiltIn">
<msg time="2024-04-05T08:51:51.527461" level="INFO">ตะกร้าว่างเปล่า</msg>
<arg>ตะกร้าว่างเปล่า</arg>
<doc>Logs the given message with the given level.</doc>
<status status="PASS" start="2024-04-05T08:51:51.527461" elapsed="0.000000"/>
</kw>
<arg>'${badgeText}' == '0'</arg>
<arg>Log</arg>
<arg>ตะกร้าว่างเปล่า</arg>
<arg>ELSE</arg>
<arg>Log</arg>
<arg>ยังมีสินค้าอยู่ในตะกร้า</arg>
<doc>Runs the given keyword with the given arguments, if ``condition`` is true.</doc>
<status status="PASS" start="2024-04-05T08:51:51.526460" elapsed="0.001001"/>
</kw>
<status status="PASS" start="2024-04-05T08:51:51.504439" elapsed="0.023022"/>
</kw>
<status status="PASS" start="2024-04-05T08:51:20.145387" elapsed="31.382074"/>
</test>
<kw name="Close Browser" owner="SeleniumLibrary" type="TEARDOWN">
<doc>Closes the current browser.</doc>
<status status="PASS" start="2024-04-05T08:51:51.528462" elapsed="2.176586"/>
</kw>
<status status="PASS" start="2024-04-05T08:51:06.378075" elapsed="47.326973"/>
</suite>
<statistics>
<total>
<stat pass="1" fail="0" skip="0">All Tests</stat>
</total>
<tag>
</tag>
<suite>
<stat pass="1" fail="0" skip="0" id="s1" name="Nejavu Test">Nejavu Test</stat>
</suite>
</statistics>
<errors>
</errors>
</robot>
